<?xml version="1.0" encoding="UTF-8"?>
<testsuite xmlns:xsi="http://www.w3.org/2001/XMLSchema-instance" xsi:noNamespaceSchemaLocation="https://maven.apache.org/surefire/maven-surefire-plugin/xsd/surefire-test-report.xsd" version="3.0.2" name="org.springframework.samples.petclinic.PostgresIntegrationTests" time="40.364" tests="2" errors="0" skipped="0" failures="0" flakes="0">
  <properties>
[...]
</properties>
  <testcase name="findAll" classname="org.springframework.samples.petclinic.PostgresIntegrationTests" time="0.05">
    <system-out><![CDATA[2026-06-24T00:30:11.436Z  INFO 17845 --- [           main] t.c.s.AnnotationConfigContextLoaderUtils : Could not detect default configuration classes for test class [org.springframework.samples.petclinic.PostgresIntegrationTests]: PostgresIntegrationTests does not declare any static, non-private, non-final, nested classes annotated with @Configuration.
2026-06-24T00:30:11.451Z  INFO 17845 --- [           main] .b.t.c.SpringBootTestContextBootstrapper : Found @SpringBootConfiguration org.springframework.samples.petclinic.PetClinicApplication for test class org.springframework.samples.petclinic.PostgresIntegrationTests
2026-06-24T00:30:11.452Z  INFO 17845 --- [           main] t.c.s.AnnotationConfigContextLoaderUtils : Could not detect default configuration classes for test class [org.springframework.samples.petclinic.PostgresIntegrationTests]: PostgresIntegrationTests does not declare any static, non-private, non-final, nested classes annotated with @Configuration.
2026-06-24T00:30:11.456Z  INFO 17845 --- [           main] .b.t.c.SpringBootTestContextBootstrapper : Found @SpringBootConfiguration org.springframework.samples.petclinic.PetClinicApplication for test class org.springframework.samples.petclinic.PostgresIntegrationTests
2026-06-24T00:30:11.477Z  INFO 17845 --- [           main] o.s.b.d.r.RestartApplicationListener     : Restart disabled due to context in which it is running


              |\      _,,,--,,_
             /,`.-'`'   ._  \-;;,_
  _______ __|,4-  ) )_   .;.(__`'-'__     ___ __    _ ___ _______
 |       | '---''(_/._)-'(_\_)   |   |   |   |  |  | |   |       |
 |    _  |    ___|_     _|       |   |   |   |   |_| |   |       | __ _ _
 |   |_| |   |___  |   | |       |   |   |   |       |   |       | \ \ \ \
 |    ___|    ___| |   | |      _|   |___|   |  _    |   |      _|  \ \ \ \
 |   |   |   |___  |   | |     |_|       |   | | |   |   |     |_    ) ) ) )
 |___|   |_______| |___| |_______|_______|___|_|  |__|___|_______|  / / / /
 ==================================================================/_/_/_/

:: Built with Spring Boot :: 4.1.0


2026-06-24T00:30:11.515Z  INFO 17845 --- [           main] o.s.s.p.PostgresIntegrationTests         : Starting PostgresIntegrationTests using Java 17.0.19 with PID 17845 (started by dlmm in /home/dlmm/spring-petclinic)
2026-06-24T00:30:11.515Z  INFO 17845 --- [           main] o.s.s.p.PostgresIntegrationTests         : The following 1 profile is active: "postgres"
2026-06-24T00:30:11.522Z  INFO 17845 --- [           main] .s.b.d.c.l.DockerComposeLifecycleManager : Using Docker Compose file /home/dlmm/spring-petclinic/docker-compose.yml
2026-06-24T00:30:12.272Z  INFO 17845 --- [utReader-stderr] o.s.boot.docker.compose.core.DockerCli   :  Image postgres:18.4 Pulling 
2026-06-24T00:30:18.547Z  INFO 17845 --- [utReader-stderr] o.s.boot.docker.compose.core.DockerCli   :  72c03230f136 Pulling fs layer 0B
2026-06-24T00:30:18.548Z  INFO 17845 --- [utReader-stderr] o.s.boot.docker.compose.core.DockerCli   :  02e6c749fab3 Pulling fs layer 0B
2026-06-24T00:30:18.548Z  INFO 17845 --- [utReader-stderr] o.s.boot.docker.compose.core.DockerCli   :  e391a38c1c31 Pulling fs layer 0B
2026-06-24T00:30:18.548Z  INFO 17845 --- [utReader-stderr] o.s.boot.docker.compose.core.DockerCli   :  8ada4aa58337 Pulling fs layer 0B
2026-06-24T00:30:18.548Z  INFO 17845 --- [utReader-stderr] o.s.boot.docker.compose.core.DockerCli   :  99225b615c3c Pulling fs layer 0B
2026-06-24T00:30:18.549Z  INFO 17845 --- [utReader-stderr] o.s.boot.docker.compose.core.DockerCli   :  f6e1d32857ac Pulling fs layer 0B
2026-06-24T00:30:18.549Z  INFO 17845 --- [utReader-stderr] o.s.boot.docker.compose.core.DockerCli   :  9ba25a8af2c3 Pulling fs layer 0B
2026-06-24T00:30:18.549Z  INFO 17845 --- [utReader-stderr] o.s.boot.docker.compose.core.DockerCli   :  c842cf8435b1 Pulling fs layer 0B
2026-06-24T00:30:18.549Z  INFO 17845 --- [utReader-stderr] o.s.boot.docker.compose.core.DockerCli   :  f61d84e337a8 Pulling fs layer 0B
2026-06-24T00:30:18.550Z  INFO 17845 --- [utReader-stderr] o.s.boot.docker.compose.core.DockerCli   :  e28f28da5934 Pulling fs layer 0B
2026-06-24T00:30:18.550Z  INFO 17845 --- [utReader-stderr] o.s.boot.docker.compose.core.DockerCli   :  986a054d28a4 Pulling fs layer 0B
2026-06-24T00:30:18.552Z  INFO 17845 --- [utReader-stderr] o.s.boot.docker.compose.core.DockerCli   :  94a3bfd7d9b8 Pulling fs layer 0B
2026-06-24T00:30:18.552Z  INFO 17845 --- [utReader-stderr] o.s.boot.docker.compose.core.DockerCli   :  350845c40593 Pulling fs layer 0B
2026-06-24T00:30:19.378Z  INFO 17845 --- [utReader-stderr] o.s.boot.docker.compose.core.DockerCli   :  09dfb7a55bdf Downloading 1.049MB
2026-06-24T00:30:19.476Z  INFO 17845 --- [utReader-stderr] o.s.boot.docker.compose.core.DockerCli   :  09dfb7a55bdf Downloading 2.097MB
2026-06-24T00:30:19.578Z  INFO 17845 --- [utReader-stderr] o.s.boot.docker.compose.core.DockerCli   :  09dfb7a55bdf Downloading 3.146MB
2026-06-24T00:30:19.676Z  INFO 17845 --- [utReader-stderr] o.s.boot.docker.compose.core.DockerCli   :  f61d84e337a8 Download complete 0B
2026-06-24T00:30:19.678Z  INFO 17845 --- [utReader-stderr] o.s.boot.docker.compose.core.DockerCli   :  350845c40593 Download complete 0B
2026-06-24T00:30:19.679Z  INFO 17845 --- [utReader-stderr] o.s.boot.docker.compose.core.DockerCli   :  e28f28da5934 Download complete 0B
2026-06-24T00:30:19.679Z  INFO 17845 --- [utReader-stderr] o.s.boot.docker.compose.core.DockerCli   :  09dfb7a55bdf Downloading 3.146MB
2026-06-24T00:30:19.680Z  INFO 17845 --- [utReader-stderr] o.s.boot.docker.compose.core.DockerCli   :  02e6c749fab3 Download complete 0B
2026-06-24T00:30:19.681Z  INFO 17845 --- [utReader-stderr] o.s.boot.docker.compose.core.DockerCli   :  986a054d28a4 Download complete 0B
2026-06-24T00:30:19.682Z  INFO 17845 --- [utReader-stderr] o.s.boot.docker.compose.core.DockerCli   :  94a3bfd7d9b8 Download complete 0B
2026-06-24T00:30:19.683Z  INFO 17845 --- [utReader-stderr] o.s.boot.docker.compose.core.DockerCli   :  dffbe36c2ad2 Download complete 0B
2026-06-24T00:30:19.775Z  INFO 17845 --- [utReader-stderr] o.s.boot.docker.compose.core.DockerCli   :  09dfb7a55bdf Downloading 4.194MB
2026-06-24T00:30:19.876Z  INFO 17845 --- [utReader-stderr] o.s.boot.docker.compose.core.DockerCli   :  8ada4aa58337 Download complete 0B
2026-06-24T00:30:19.877Z  INFO 17845 --- [utReader-stderr] o.s.boot.docker.compose.core.DockerCli   :  09dfb7a55bdf Downloading 4.194MB
2026-06-24T00:30:19.978Z  INFO 17845 --- [utReader-stderr] o.s.boot.docker.compose.core.DockerCli   :  09dfb7a55bdf Downloading 4.194MB
2026-06-24T00:30:20.076Z  INFO 17845 --- [utReader-stderr] o.s.boot.docker.compose.core.DockerCli   :  9ba25a8af2c3 Downloading 1.049MB
2026-06-24T00:30:20.077Z  INFO 17845 --- [utReader-stderr] o.s.boot.docker.compose.core.DockerCli   :  09dfb7a55bdf Downloading 4.194MB
2026-06-24T00:30:20.177Z  INFO 17845 --- [utReader-stderr] o.s.boot.docker.compose.core.DockerCli   :  9ba25a8af2c3 Download complete 0B
2026-06-24T00:30:20.179Z  INFO 17845 --- [utReader-stderr] o.s.boot.docker.compose.core.DockerCli   :  09dfb7a55bdf Downloading 4.194MB
2026-06-24T00:30:20.277Z  INFO 17845 --- [utReader-stderr] o.s.boot.docker.compose.core.DockerCli   :  09dfb7a55bdf Downloading 4.194MB
2026-06-24T00:30:20.377Z  INFO 17845 --- [utReader-stderr] o.s.boot.docker.compose.core.DockerCli   :  09dfb7a55bdf Downloading 5.243MB
2026-06-24T00:30:20.478Z  INFO 17845 --- [utReader-stderr] o.s.boot.docker.compose.core.DockerCli   :  09dfb7a55bdf Download complete 0B
2026-06-24T00:30:20.478Z  INFO 17845 --- [utReader-stderr] o.s.boot.docker.compose.core.DockerCli   :  72c03230f136 Downloading 1.049MB
2026-06-24T00:30:20.578Z  INFO 17845 --- [utReader-stderr] o.s.boot.docker.compose.core.DockerCli   :  72c03230f136 Downloading 1.049MB
2026-06-24T00:30:20.676Z  INFO 17845 --- [utReader-stderr] o.s.boot.docker.compose.core.DockerCli   :  72c03230f136 Downloading 1.049MB
2026-06-24T00:30:20.776Z  INFO 17845 --- [utReader-stderr] o.s.boot.docker.compose.core.DockerCli   :  72c03230f136 Downloading 1.049MB
2026-06-24T00:30:20.776Z  INFO 17845 --- [utReader-stderr] o.s.boot.docker.compose.core.DockerCli   :  f6e1d32857ac Downloading 1.049MB
2026-06-24T00:30:20.877Z  INFO 17845 --- [utReader-stderr] o.s.boot.docker.compose.core.DockerCli   :  72c03230f136 Downloading 2.097MB
2026-06-24T00:30:20.877Z  INFO 17845 --- [utReader-stderr] o.s.boot.docker.compose.core.DockerCli   :  f6e1d32857ac Downloading 1.049MB
2026-06-24T00:30:20.977Z  INFO 17845 --- [utReader-stderr] o.s.boot.docker.compose.core.DockerCli   :  f6e1d32857ac Downloading 1.049MB
2026-06-24T00:30:20.977Z  INFO 17845 --- [utReader-stderr] o.s.boot.docker.compose.core.DockerCli   :  c842cf8435b1 Downloading 1.049MB
2026-06-24T00:30:20.977Z  INFO 17845 --- [utReader-stderr] o.s.boot.docker.compose.core.DockerCli   :  72c03230f136 Downloading 2.097MB
2026-06-24T00:30:21.075Z  INFO 17845 --- [utReader-stderr] o.s.boot.docker.compose.core.DockerCli   :  f6e1d32857ac Downloading 1.049MB
2026-06-24T00:30:21.077Z  INFO 17845 --- [utReader-stderr] o.s.boot.docker.compose.core.DockerCli   :  c842cf8435b1 Downloading 1.049MB
2026-06-24T00:30:21.077Z  INFO 17845 --- [utReader-stderr] o.s.boot.docker.compose.core.DockerCli   :  72c03230f136 Downloading 2.097MB
2026-06-24T00:30:21.176Z  INFO 17845 --- [utReader-stderr] o.s.boot.docker.compose.core.DockerCli   :  f6e1d32857ac Downloading 1.049MB
2026-06-24T00:30:21.176Z  INFO 17845 --- [utReader-stderr] o.s.boot.docker.compose.core.DockerCli   :  c842cf8435b1 Downloading 1.049MB
2026-06-24T00:30:21.176Z  INFO 17845 --- [utReader-stderr] o.s.boot.docker.compose.core.DockerCli   :  72c03230f136 Downloading 2.097MB
2026-06-24T00:30:21.176Z  INFO 17845 --- [utReader-stderr] o.s.boot.docker.compose.core.DockerCli   :  e391a38c1c31 Downloading 1.049MB
2026-06-24T00:30:21.277Z  INFO 17845 --- [utReader-stderr] o.s.boot.docker.compose.core.DockerCli   :  f6e1d32857ac Downloading 1.049MB
2026-06-24T00:30:21.277Z  INFO 17845 --- [utReader-stderr] o.s.boot.docker.compose.core.DockerCli   :  c842cf8435b1 Downloading 1.049MB
2026-06-24T00:30:21.277Z  INFO 17845 --- [utReader-stderr] o.s.boot.docker.compose.core.DockerCli   :  72c03230f136 Downloading 2.392MB
2026-06-24T00:30:21.277Z  INFO 17845 --- [utReader-stderr] o.s.boot.docker.compose.core.DockerCli   :  e391a38c1c31 Downloading 1.049MB
2026-06-24T00:30:21.277Z  INFO 17845 --- [utReader-stderr] o.s.boot.docker.compose.core.DockerCli   :  99225b615c3c Downloading 1.049MB
2026-06-24T00:30:21.377Z  INFO 17845 --- [utReader-stderr] o.s.boot.docker.compose.core.DockerCli   :  e391a38c1c31 Downloading 1.049MB
2026-06-24T00:30:21.377Z  INFO 17845 --- [utReader-stderr] o.s.boot.docker.compose.core.DockerCli   :  99225b615c3c Downloading 1.049MB
2026-06-24T00:30:21.377Z  INFO 17845 --- [utReader-stderr] o.s.boot.docker.compose.core.DockerCli   :  f6e1d32857ac Downloading 1.049MB
2026-06-24T00:30:21.377Z  INFO 17845 --- [utReader-stderr] o.s.boot.docker.compose.core.DockerCli   :  c842cf8435b1 Downloading 1.049MB
2026-06-24T00:30:21.377Z  INFO 17845 --- [utReader-stderr] o.s.boot.docker.compose.core.DockerCli   :  72c03230f136 Downloading 3.146MB
2026-06-24T00:30:21.475Z  INFO 17845 --- [utReader-stderr] o.s.boot.docker.compose.core.DockerCli   :  99225b615c3c Download complete 0B
2026-06-24T00:30:21.476Z  INFO 17845 --- [utReader-stderr] o.s.boot.docker.compose.core.DockerCli   :  f6e1d32857ac Downloading 2.097MB
2026-06-24T00:30:21.476Z  INFO 17845 --- [utReader-stderr] o.s.boot.docker.compose.core.DockerCli   :  c842cf8435b1 Downloading 1.049MB
2026-06-24T00:30:21.476Z  INFO 17845 --- [utReader-stderr] o.s.boot.docker.compose.core.DockerCli   :  72c03230f136 Downloading 3.146MB
2026-06-24T00:30:21.476Z  INFO 17845 --- [utReader-stderr] o.s.boot.docker.compose.core.DockerCli   :  e391a38c1c31 Downloading 1.049MB
2026-06-24T00:30:21.577Z  INFO 17845 --- [utReader-stderr] o.s.boot.docker.compose.core.DockerCli   :  f6e1d32857ac Downloading 2.097MB
2026-06-24T00:30:21.577Z  INFO 17845 --- [utReader-stderr] o.s.boot.docker.compose.core.DockerCli   :  c842cf8435b1 Downloading 1.049MB
2026-06-24T00:30:21.577Z  INFO 17845 --- [utReader-stderr] o.s.boot.docker.compose.core.DockerCli   :  72c03230f136 Downloading 3.146MB
2026-06-24T00:30:21.577Z  INFO 17845 --- [utReader-stderr] o.s.boot.docker.compose.core.DockerCli   :  e391a38c1c31 Downloading 1.049MB
2026-06-24T00:30:21.675Z  INFO 17845 --- [utReader-stderr] o.s.boot.docker.compose.core.DockerCli   :  f6e1d32857ac Downloading 2.097MB
2026-06-24T00:30:21.676Z  INFO 17845 --- [utReader-stderr] o.s.boot.docker.compose.core.DockerCli   :  c842cf8435b1 Downloading 1.049MB
2026-06-24T00:30:21.676Z  INFO 17845 --- [utReader-stderr] o.s.boot.docker.compose.core.DockerCli   :  72c03230f136 Downloading 4.194MB
2026-06-24T00:30:21.676Z  INFO 17845 --- [utReader-stderr] o.s.boot.docker.compose.core.DockerCli   :  e391a38c1c31 Downloading 1.049MB
2026-06-24T00:30:21.777Z  INFO 17845 --- [utReader-stderr] o.s.boot.docker.compose.core.DockerCli   :  f6e1d32857ac Downloading 2.097MB
2026-06-24T00:30:21.777Z  INFO 17845 --- [utReader-stderr] o.s.boot.docker.compose.core.DockerCli   :  c842cf8435b1 Downloading 1.049MB
2026-06-24T00:30:21.777Z  INFO 17845 --- [utReader-stderr] o.s.boot.docker.compose.core.DockerCli   :  72c03230f136 Downloading 4.194MB
2026-06-24T00:30:21.777Z  INFO 17845 --- [utReader-stderr] o.s.boot.docker.compose.core.DockerCli   :  e391a38c1c31 Downloading 1.049MB
2026-06-24T00:30:21.877Z  INFO 17845 --- [utReader-stderr] o.s.boot.docker.compose.core.DockerCli   :  c842cf8435b1 Downloading 1.049MB
2026-06-24T00:30:21.878Z  INFO 17845 --- [utReader-stderr] o.s.boot.docker.compose.core.DockerCli   :  72c03230f136 Downloading 4.194MB
2026-06-24T00:30:21.878Z  INFO 17845 --- [utReader-stderr] o.s.boot.docker.compose.core.DockerCli   :  e391a38c1c31 Downloading 1.049MB
2026-06-24T00:30:21.878Z  INFO 17845 --- [utReader-stderr] o.s.boot.docker.compose.core.DockerCli   :  f6e1d32857ac Downloading 2.097MB
2026-06-24T00:30:21.976Z  INFO 17845 --- [utReader-stderr] o.s.boot.docker.compose.core.DockerCli   :  72c03230f136 Downloading 5.243MB
2026-06-24T00:30:21.976Z  INFO 17845 --- [utReader-stderr] o.s.boot.docker.compose.core.DockerCli   :  e391a38c1c31 Downloading 1.049MB
2026-06-24T00:30:21.977Z  INFO 17845 --- [utReader-stderr] o.s.boot.docker.compose.core.DockerCli   :  f6e1d32857ac Downloading 2.097MB
2026-06-24T00:30:21.977Z  INFO 17845 --- [utReader-stderr] o.s.boot.docker.compose.core.DockerCli   :  c842cf8435b1 Downloading 2.097MB
2026-06-24T00:30:22.075Z  INFO 17845 --- [utReader-stderr] o.s.boot.docker.compose.core.DockerCli   :  72c03230f136 Downloading 5.243MB
2026-06-24T00:30:22.075Z  INFO 17845 --- [utReader-stderr] o.s.boot.docker.compose.core.DockerCli   :  e391a38c1c31 Downloading 1.049MB
2026-06-24T00:30:22.075Z  INFO 17845 --- [utReader-stderr] o.s.boot.docker.compose.core.DockerCli   :  f6e1d32857ac Downloading 3.146MB
2026-06-24T00:30:22.075Z  INFO 17845 --- [utReader-stderr] o.s.boot.docker.compose.core.DockerCli   :  c842cf8435b1 Downloading 2.097MB
2026-06-24T00:30:22.176Z  INFO 17845 --- [utReader-stderr] o.s.boot.docker.compose.core.DockerCli   :  f6e1d32857ac Downloading 3.146MB
2026-06-24T00:30:22.177Z  INFO 17845 --- [utReader-stderr] o.s.boot.docker.compose.core.DockerCli   :  c842cf8435b1 Downloading 2.097MB
2026-06-24T00:30:22.178Z  INFO 17845 --- [utReader-stderr] o.s.boot.docker.compose.core.DockerCli   :  72c03230f136 Downloading 5.243MB
2026-06-24T00:30:22.178Z  INFO 17845 --- [utReader-stderr] o.s.boot.docker.compose.core.DockerCli   :  e391a38c1c31 Downloading 1.049MB
2026-06-24T00:30:22.276Z  INFO 17845 --- [utReader-stderr] o.s.boot.docker.compose.core.DockerCli   :  f6e1d32857ac Downloading 3.146MB
2026-06-24T00:30:22.277Z  INFO 17845 --- [utReader-stderr] o.s.boot.docker.compose.core.DockerCli   :  c842cf8435b1 Downloading 2.097MB
2026-06-24T00:30:22.277Z  INFO 17845 --- [utReader-stderr] o.s.boot.docker.compose.core.DockerCli   :  72c03230f136 Downloading 5.243MB
2026-06-24T00:30:22.277Z  INFO 17845 --- [utReader-stderr] o.s.boot.docker.compose.core.DockerCli   :  e391a38c1c31 Downloading 2.097MB
2026-06-24T00:30:22.377Z  INFO 17845 --- [utReader-stderr] o.s.boot.docker.compose.core.DockerCli   :  72c03230f136 Downloading 6.291MB
2026-06-24T00:30:22.378Z  INFO 17845 --- [utReader-stderr] o.s.boot.docker.compose.core.DockerCli   :  e391a38c1c31 Downloading 2.097MB
2026-06-24T00:30:22.379Z  INFO 17845 --- [utReader-stderr] o.s.boot.docker.compose.core.DockerCli   :  f6e1d32857ac Downloading 3.146MB
2026-06-24T00:30:22.379Z  INFO 17845 --- [utReader-stderr] o.s.boot.docker.compose.core.DockerCli   :  c842cf8435b1 Downloading 2.097MB
2026-06-24T00:30:22.476Z  INFO 17845 --- [utReader-stderr] o.s.boot.docker.compose.core.DockerCli   :  f6e1d32857ac Downloading 3.146MB
2026-06-24T00:30:22.476Z  INFO 17845 --- [utReader-stderr] o.s.boot.docker.compose.core.DockerCli   :  c842cf8435b1 Downloading 2.097MB
2026-06-24T00:30:22.477Z  INFO 17845 --- [utReader-stderr] o.s.boot.docker.compose.core.DockerCli   :  72c03230f136 Downloading 6.291MB
2026-06-24T00:30:22.477Z  INFO 17845 --- [utReader-stderr] o.s.boot.docker.compose.core.DockerCli   :  e391a38c1c31 Downloading 2.097MB
2026-06-24T00:30:22.576Z  INFO 17845 --- [utReader-stderr] o.s.boot.docker.compose.core.DockerCli   :  f6e1d32857ac Downloading 3.146MB
2026-06-24T00:30:22.576Z  INFO 17845 --- [utReader-stderr] o.s.boot.docker.compose.core.DockerCli   :  c842cf8435b1 Downloading 2.097MB
2026-06-24T00:30:22.577Z  INFO 17845 --- [utReader-stderr] o.s.boot.docker.compose.core.DockerCli   :  72c03230f136 Downloading 6.291MB
2026-06-24T00:30:22.577Z  INFO 17845 --- [utReader-stderr] o.s.boot.docker.compose.core.DockerCli   :  e391a38c1c31 Downloading 2.097MB
2026-06-24T00:30:22.677Z  INFO 17845 --- [utReader-stderr] o.s.boot.docker.compose.core.DockerCli   :  72c03230f136 Downloading 7.34MB
2026-06-24T00:30:22.677Z  INFO 17845 --- [utReader-stderr] o.s.boot.docker.compose.core.DockerCli   :  e391a38c1c31 Downloading 2.097MB
2026-06-24T00:30:22.677Z  INFO 17845 --- [utReader-stderr] o.s.boot.docker.compose.core.DockerCli   :  f6e1d32857ac Downloading 4.194MB
2026-06-24T00:30:22.677Z  INFO 17845 --- [utReader-stderr] o.s.boot.docker.compose.core.DockerCli   :  c842cf8435b1 Downloading 3.146MB
2026-06-24T00:30:22.776Z  INFO 17845 --- [utReader-stderr] o.s.boot.docker.compose.core.DockerCli   :  72c03230f136 Downloading 7.34MB
2026-06-24T00:30:22.776Z  INFO 17845 --- [utReader-stderr] o.s.boot.docker.compose.core.DockerCli   :  e391a38c1c31 Downloading 2.097MB
2026-06-24T00:30:22.776Z  INFO 17845 --- [utReader-stderr] o.s.boot.docker.compose.core.DockerCli   :  f6e1d32857ac Downloading 4.194MB
2026-06-24T00:30:22.776Z  INFO 17845 --- [utReader-stderr] o.s.boot.docker.compose.core.DockerCli   :  c842cf8435b1 Downloading 3.146MB
2026-06-24T00:30:22.876Z  INFO 17845 --- [utReader-stderr] o.s.boot.docker.compose.core.DockerCli   :  72c03230f136 Downloading 7.34MB
2026-06-24T00:30:22.877Z  INFO 17845 --- [utReader-stderr] o.s.boot.docker.compose.core.DockerCli   :  e391a38c1c31 Downloading 2.097MB
2026-06-24T00:30:22.877Z  INFO 17845 --- [utReader-stderr] o.s.boot.docker.compose.core.DockerCli   :  f6e1d32857ac Downloading 4.194MB
2026-06-24T00:30:22.877Z  INFO 17845 --- [utReader-stderr] o.s.boot.docker.compose.core.DockerCli   :  c842cf8435b1 Downloading 3.146MB
2026-06-24T00:30:22.976Z  INFO 17845 --- [utReader-stderr] o.s.boot.docker.compose.core.DockerCli   :  f6e1d32857ac Downloading 4.194MB
2026-06-24T00:30:22.976Z  INFO 17845 --- [utReader-stderr] o.s.boot.docker.compose.core.DockerCli   :  c842cf8435b1 Downloading 3.146MB
2026-06-24T00:30:22.976Z  INFO 17845 --- [utReader-stderr] o.s.boot.docker.compose.core.DockerCli   :  72c03230f136 Downloading 7.34MB
2026-06-24T00:30:22.976Z  INFO 17845 --- [utReader-stderr] o.s.boot.docker.compose.core.DockerCli   :  e391a38c1c31 Downloading 2.097MB
2026-06-24T00:30:23.077Z  INFO 17845 --- [utReader-stderr] o.s.boot.docker.compose.core.DockerCli   :  f6e1d32857ac Downloading 4.194MB
2026-06-24T00:30:23.078Z  INFO 17845 --- [utReader-stderr] o.s.boot.docker.compose.core.DockerCli   :  c842cf8435b1 Downloading 3.146MB
2026-06-24T00:30:23.078Z  INFO 17845 --- [utReader-stderr] o.s.boot.docker.compose.core.DockerCli   :  72c03230f136 Downloading 7.34MB
2026-06-24T00:30:23.078Z  INFO 17845 --- [utReader-stderr] o.s.boot.docker.compose.core.DockerCli   :  e391a38c1c31 Downloading 3.146MB
2026-06-24T00:30:23.176Z  INFO 17845 --- [utReader-stderr] o.s.boot.docker.compose.core.DockerCli   :  72c03230f136 Downloading 8.389MB
2026-06-24T00:30:23.176Z  INFO 17845 --- [utReader-stderr] o.s.boot.docker.compose.core.DockerCli   :  e391a38c1c31 Downloading 3.146MB
2026-06-24T00:30:23.176Z  INFO 17845 --- [utReader-stderr] o.s.boot.docker.compose.core.DockerCli   :  f6e1d32857ac Downloading 4.194MB
2026-06-24T00:30:23.176Z  INFO 17845 --- [utReader-stderr] o.s.boot.docker.compose.core.DockerCli   :  c842cf8435b1 Downloading 3.146MB
2026-06-24T00:30:23.276Z  INFO 17845 --- [utReader-stderr] o.s.boot.docker.compose.core.DockerCli   :  72c03230f136 Downloading 8.389MB
2026-06-24T00:30:23.276Z  INFO 17845 --- [utReader-stderr] o.s.boot.docker.compose.core.DockerCli   :  e391a38c1c31 Downloading 3.146MB
2026-06-24T00:30:23.276Z  INFO 17845 --- [utReader-stderr] o.s.boot.docker.compose.core.DockerCli   :  f6e1d32857ac Downloading 5.243MB
2026-06-24T00:30:23.276Z  INFO 17845 --- [utReader-stderr] o.s.boot.docker.compose.core.DockerCli   :  c842cf8435b1 Downloading 3.146MB
2026-06-24T00:30:23.376Z  INFO 17845 --- [utReader-stderr] o.s.boot.docker.compose.core.DockerCli   :  f6e1d32857ac Downloading 5.243MB
2026-06-24T00:30:23.377Z  INFO 17845 --- [utReader-stderr] o.s.boot.docker.compose.core.DockerCli   :  c842cf8435b1 Downloading 3.146MB
2026-06-24T00:30:23.377Z  INFO 17845 --- [utReader-stderr] o.s.boot.docker.compose.core.DockerCli   :  72c03230f136 Downloading 9.437MB
2026-06-24T00:30:23.377Z  INFO 17845 --- [utReader-stderr] o.s.boot.docker.compose.core.DockerCli   :  e391a38c1c31 Downloading 3.146MB
2026-06-24T00:30:23.475Z  INFO 17845 --- [utReader-stderr] o.s.boot.docker.compose.core.DockerCli   :  f6e1d32857ac Downloading 5.243MB
2026-06-24T00:30:23.476Z  INFO 17845 --- [utReader-stderr] o.s.boot.docker.compose.core.DockerCli   :  c842cf8435b1 Downloading 4.194MB
2026-06-24T00:30:23.476Z  INFO 17845 --- [utReader-stderr] o.s.boot.docker.compose.core.DockerCli   :  72c03230f136 Downloading 9.437MB
2026-06-24T00:30:23.476Z  INFO 17845 --- [utReader-stderr] o.s.boot.docker.compose.core.DockerCli   :  e391a38c1c31 Downloading 3.146MB
2026-06-24T00:30:23.576Z  INFO 17845 --- [utReader-stderr] o.s.boot.docker.compose.core.DockerCli   :  72c03230f136 Downloading 9.437MB
2026-06-24T00:30:23.576Z  INFO 17845 --- [utReader-stderr] o.s.boot.docker.compose.core.DockerCli   :  e391a38c1c31 Downloading 3.146MB
2026-06-24T00:30:23.576Z  INFO 17845 --- [utReader-stderr] o.s.boot.docker.compose.core.DockerCli   :  f6e1d32857ac Downloading 5.243MB
2026-06-24T00:30:23.576Z  INFO 17845 --- [utReader-stderr] o.s.boot.docker.compose.core.DockerCli   :  c842cf8435b1 Downloading 4.194MB
2026-06-24T00:30:23.676Z  INFO 17845 --- [utReader-stderr] o.s.boot.docker.compose.core.DockerCli   :  c842cf8435b1 Downloading 4.194MB
2026-06-24T00:30:23.677Z  INFO 17845 --- [utReader-stderr] o.s.boot.docker.compose.core.DockerCli   :  72c03230f136 Downloading 9.437MB
2026-06-24T00:30:23.677Z  INFO 17845 --- [utReader-stderr] o.s.boot.docker.compose.core.DockerCli   :  e391a38c1c31 Downloading 3.146MB
2026-06-24T00:30:23.677Z  INFO 17845 --- [utReader-stderr] o.s.boot.docker.compose.core.DockerCli   :  f6e1d32857ac Downloading 5.243MB
2026-06-24T00:30:23.777Z  INFO 17845 --- [utReader-stderr] o.s.boot.docker.compose.core.DockerCli   :  72c03230f136 Downloading 10.49MB
2026-06-24T00:30:23.778Z  INFO 17845 --- [utReader-stderr] o.s.boot.docker.compose.core.DockerCli   :  e391a38c1c31 Downloading 3.146MB
2026-06-24T00:30:23.778Z  INFO 17845 --- [utReader-stderr] o.s.boot.docker.compose.core.DockerCli   :  f6e1d32857ac Downloading 6.291MB
2026-06-24T00:30:23.778Z  INFO 17845 --- [utReader-stderr] o.s.boot.docker.compose.core.DockerCli   :  c842cf8435b1 Downloading 4.194MB
2026-06-24T00:30:23.875Z  INFO 17845 --- [utReader-stderr] o.s.boot.docker.compose.core.DockerCli   :  72c03230f136 Downloading 10.49MB
2026-06-24T00:30:23.875Z  INFO 17845 --- [utReader-stderr] o.s.boot.docker.compose.core.DockerCli   :  e391a38c1c31 Downloading 3.146MB
2026-06-24T00:30:23.875Z  INFO 17845 --- [utReader-stderr] o.s.boot.docker.compose.core.DockerCli   :  f6e1d32857ac Downloading 6.291MB
2026-06-24T00:30:23.876Z  INFO 17845 --- [utReader-stderr] o.s.boot.docker.compose.core.DockerCli   :  c842cf8435b1 Downloading 4.194MB
2026-06-24T00:30:23.978Z  INFO 17845 --- [utReader-stderr] o.s.boot.docker.compose.core.DockerCli   :  72c03230f136 Downloading 11.53MB
2026-06-24T00:30:23.978Z  INFO 17845 --- [utReader-stderr] o.s.boot.docker.compose.core.DockerCli   :  e391a38c1c31 Downloading 3.146MB
2026-06-24T00:30:23.979Z  INFO 17845 --- [utReader-stderr] o.s.boot.docker.compose.core.DockerCli   :  f6e1d32857ac Downloading 6.291MB
2026-06-24T00:30:23.979Z  INFO 17845 --- [utReader-stderr] o.s.boot.docker.compose.core.DockerCli   :  c842cf8435b1 Downloading 4.194MB
2026-06-24T00:30:24.076Z  INFO 17845 --- [utReader-stderr] o.s.boot.docker.compose.core.DockerCli   :  f6e1d32857ac Downloading 6.291MB
2026-06-24T00:30:24.080Z  INFO 17845 --- [utReader-stderr] o.s.boot.docker.compose.core.DockerCli   :  c842cf8435b1 Downloading 4.194MB
2026-06-24T00:30:24.080Z  INFO 17845 --- [utReader-stderr] o.s.boot.docker.compose.core.DockerCli   :  72c03230f136 Downloading 11.53MB
2026-06-24T00:30:24.080Z  INFO 17845 --- [utReader-stderr] o.s.boot.docker.compose.core.DockerCli   :  e391a38c1c31 Downloading 4.194MB
2026-06-24T00:30:24.179Z  INFO 17845 --- [utReader-stderr] o.s.boot.docker.compose.core.DockerCli   :  f6e1d32857ac Downloading 6.291MB
2026-06-24T00:30:24.179Z  INFO 17845 --- [utReader-stderr] o.s.boot.docker.compose.core.DockerCli   :  c842cf8435b1 Downloading 5.243MB
2026-06-24T00:30:24.180Z  INFO 17845 --- [utReader-stderr] o.s.boot.docker.compose.core.DockerCli   :  72c03230f136 Downloading 11.53MB
2026-06-24T00:30:24.180Z  INFO 17845 --- [utReader-stderr] o.s.boot.docker.compose.core.DockerCli   :  e391a38c1c31 Downloading 4.194MB
2026-06-24T00:30:24.276Z  INFO 17845 --- [utReader-stderr] o.s.boot.docker.compose.core.DockerCli   :  f6e1d32857ac Downloading 7.34MB
2026-06-24T00:30:24.276Z  INFO 17845 --- [utReader-stderr] o.s.boot.docker.compose.core.DockerCli   :  c842cf8435b1 Downloading 5.243MB
2026-06-24T00:30:24.277Z  INFO 17845 --- [utReader-stderr] o.s.boot.docker.compose.core.DockerCli   :  72c03230f136 Downloading 11.53MB
2026-06-24T00:30:24.277Z  INFO 17845 --- [utReader-stderr] o.s.boot.docker.compose.core.DockerCli   :  e391a38c1c31 Downloading 4.194MB
2026-06-24T00:30:24.375Z  INFO 17845 --- [utReader-stderr] o.s.boot.docker.compose.core.DockerCli   :  72c03230f136 Downloading 12.58MB
2026-06-24T00:30:24.376Z  INFO 17845 --- [utReader-stderr] o.s.boot.docker.compose.core.DockerCli   :  e391a38c1c31 Downloading 4.194MB
2026-06-24T00:30:24.376Z  INFO 17845 --- [utReader-stderr] o.s.boot.docker.compose.core.DockerCli   :  f6e1d32857ac Downloading 7.34MB
2026-06-24T00:30:24.376Z  INFO 17845 --- [utReader-stderr] o.s.boot.docker.compose.core.DockerCli   :  c842cf8435b1 Downloading 5.243MB
2026-06-24T00:30:24.476Z  INFO 17845 --- [utReader-stderr] o.s.boot.docker.compose.core.DockerCli   :  72c03230f136 Downloading 12.58MB
2026-06-24T00:30:24.477Z  INFO 17845 --- [utReader-stderr] o.s.boot.docker.compose.core.DockerCli   :  e391a38c1c31 Downloading 4.194MB
2026-06-24T00:30:24.477Z  INFO 17845 --- [utReader-stderr] o.s.boot.docker.compose.core.DockerCli   :  f6e1d32857ac Downloading 7.34MB
2026-06-24T00:30:24.477Z  INFO 17845 --- [utReader-stderr] o.s.boot.docker.compose.core.DockerCli   :  c842cf8435b1 Downloading 5.243MB
2026-06-24T00:30:24.577Z  INFO 17845 --- [utReader-stderr] o.s.boot.docker.compose.core.DockerCli   :  f6e1d32857ac Downloading 7.34MB
2026-06-24T00:30:24.577Z  INFO 17845 --- [utReader-stderr] o.s.boot.docker.compose.core.DockerCli   :  c842cf8435b1 Downloading 5.243MB
2026-06-24T00:30:24.577Z  INFO 17845 --- [utReader-stderr] o.s.boot.docker.compose.core.DockerCli   :  72c03230f136 Downloading 12.58MB
2026-06-24T00:30:24.577Z  INFO 17845 --- [utReader-stderr] o.s.boot.docker.compose.core.DockerCli   :  e391a38c1c31 Downloading 4.194MB
2026-06-24T00:30:24.676Z  INFO 17845 --- [utReader-stderr] o.s.boot.docker.compose.core.DockerCli   :  72c03230f136 Downloading 13.63MB
2026-06-24T00:30:24.676Z  INFO 17845 --- [utReader-stderr] o.s.boot.docker.compose.core.DockerCli   :  e391a38c1c31 Downloading 4.194MB
2026-06-24T00:30:24.677Z  INFO 17845 --- [utReader-stderr] o.s.boot.docker.compose.core.DockerCli   :  f6e1d32857ac Download complete 0B
2026-06-24T00:30:24.679Z  INFO 17845 --- [utReader-stderr] o.s.boot.docker.compose.core.DockerCli   :  c842cf8435b1 Downloading 5.243MB
2026-06-24T00:30:24.776Z  INFO 17845 --- [utReader-stderr] o.s.boot.docker.compose.core.DockerCli   :  c842cf8435b1 Downloading 5.243MB
2026-06-24T00:30:24.776Z  INFO 17845 --- [utReader-stderr] o.s.boot.docker.compose.core.DockerCli   :  72c03230f136 Downloading 13.63MB
2026-06-24T00:30:24.776Z  INFO 17845 --- [utReader-stderr] o.s.boot.docker.compose.core.DockerCli   :  e391a38c1c31 Downloading 4.194MB
2026-06-24T00:30:24.876Z  INFO 17845 --- [utReader-stderr] o.s.boot.docker.compose.core.DockerCli   :  72c03230f136 Downloading 14.68MB
2026-06-24T00:30:24.876Z  INFO 17845 --- [utReader-stderr] o.s.boot.docker.compose.core.DockerCli   :  e391a38c1c31 Downloading 4.194MB
2026-06-24T00:30:24.876Z  INFO 17845 --- [utReader-stderr] o.s.boot.docker.compose.core.DockerCli   :  c842cf8435b1 Downloading 6.291MB
2026-06-24T00:30:24.976Z  INFO 17845 --- [utReader-stderr] o.s.boot.docker.compose.core.DockerCli   :  c842cf8435b1 Downloading 6.291MB
2026-06-24T00:30:24.976Z  INFO 17845 --- [utReader-stderr] o.s.boot.docker.compose.core.DockerCli   :  72c03230f136 Downloading 14.68MB
2026-06-24T00:30:24.977Z  INFO 17845 --- [utReader-stderr] o.s.boot.docker.compose.core.DockerCli   :  e391a38c1c31 Downloading 5.243MB
2026-06-24T00:30:25.077Z  INFO 17845 --- [utReader-stderr] o.s.boot.docker.compose.core.DockerCli   :  72c03230f136 Downloading 14.68MB
2026-06-24T00:30:25.078Z  INFO 17845 --- [utReader-stderr] o.s.boot.docker.compose.core.DockerCli   :  e391a38c1c31 Downloading 5.243MB
2026-06-24T00:30:25.078Z  INFO 17845 --- [utReader-stderr] o.s.boot.docker.compose.core.DockerCli   :  c842cf8435b1 Downloading 6.291MB
2026-06-24T00:30:25.176Z  INFO 17845 --- [utReader-stderr] o.s.boot.docker.compose.core.DockerCli   :  c842cf8435b1 Downloading 6.291MB
2026-06-24T00:30:25.176Z  INFO 17845 --- [utReader-stderr] o.s.boot.docker.compose.core.DockerCli   :  72c03230f136 Downloading 15.73MB
2026-06-24T00:30:25.177Z  INFO 17845 --- [utReader-stderr] o.s.boot.docker.compose.core.DockerCli   :  e391a38c1c31 Downloading 5.243MB
2026-06-24T00:30:25.276Z  INFO 17845 --- [utReader-stderr] o.s.boot.docker.compose.core.DockerCli   :  72c03230f136 Downloading 15.73MB
2026-06-24T00:30:25.276Z  INFO 17845 --- [utReader-stderr] o.s.boot.docker.compose.core.DockerCli   :  e391a38c1c31 Downloading 5.243MB
2026-06-24T00:30:25.276Z  INFO 17845 --- [utReader-stderr] o.s.boot.docker.compose.core.DockerCli   :  c842cf8435b1 Downloading 6.291MB
2026-06-24T00:30:25.375Z  INFO 17845 --- [utReader-stderr] o.s.boot.docker.compose.core.DockerCli   :  72c03230f136 Downloading 16.78MB
2026-06-24T00:30:25.376Z  INFO 17845 --- [utReader-stderr] o.s.boot.docker.compose.core.DockerCli   :  e391a38c1c31 Downloading 5.243MB
2026-06-24T00:30:25.376Z  INFO 17845 --- [utReader-stderr] o.s.boot.docker.compose.core.DockerCli   :  c842cf8435b1 Downloading 7.34MB
2026-06-24T00:30:25.476Z  INFO 17845 --- [utReader-stderr] o.s.boot.docker.compose.core.DockerCli   :  c842cf8435b1 Downloading 7.34MB
2026-06-24T00:30:25.476Z  INFO 17845 --- [utReader-stderr] o.s.boot.docker.compose.core.DockerCli   :  72c03230f136 Downloading 16.78MB
2026-06-24T00:30:25.476Z  INFO 17845 --- [utReader-stderr] o.s.boot.docker.compose.core.DockerCli   :  e391a38c1c31 Downloading 5.243MB
2026-06-24T00:30:25.575Z  INFO 17845 --- [utReader-stderr] o.s.boot.docker.compose.core.DockerCli   :  72c03230f136 Downloading 16.78MB
2026-06-24T00:30:25.576Z  INFO 17845 --- [utReader-stderr] o.s.boot.docker.compose.core.DockerCli   :  e391a38c1c31 Downloading 5.243MB
2026-06-24T00:30:25.576Z  INFO 17845 --- [utReader-stderr] o.s.boot.docker.compose.core.DockerCli   :  c842cf8435b1 Downloading 7.34MB
2026-06-24T00:30:25.676Z  INFO 17845 --- [utReader-stderr] o.s.boot.docker.compose.core.DockerCli   :  72c03230f136 Downloading 17.83MB
2026-06-24T00:30:25.676Z  INFO 17845 --- [utReader-stderr] o.s.boot.docker.compose.core.DockerCli   :  e391a38c1c31 Downloading 5.243MB
2026-06-24T00:30:25.676Z  INFO 17845 --- [utReader-stderr] o.s.boot.docker.compose.core.DockerCli   :  c842cf8435b1 Downloading 7.34MB
2026-06-24T00:30:25.776Z  INFO 17845 --- [utReader-stderr] o.s.boot.docker.compose.core.DockerCli   :  c842cf8435b1 Downloading 7.34MB
2026-06-24T00:30:25.776Z  INFO 17845 --- [utReader-stderr] o.s.boot.docker.compose.core.DockerCli   :  72c03230f136 Downloading 17.83MB
2026-06-24T00:30:25.776Z  INFO 17845 --- [utReader-stderr] o.s.boot.docker.compose.core.DockerCli   :  e391a38c1c31 Downloading 5.243MB
2026-06-24T00:30:25.876Z  INFO 17845 --- [utReader-stderr] o.s.boot.docker.compose.core.DockerCli   :  c842cf8435b1 Downloading 8.389MB
2026-06-24T00:30:25.877Z  INFO 17845 --- [utReader-stderr] o.s.boot.docker.compose.core.DockerCli   :  72c03230f136 Downloading 17.83MB
2026-06-24T00:30:25.877Z  INFO 17845 --- [utReader-stderr] o.s.boot.docker.compose.core.DockerCli   :  e391a38c1c31 Downloading 5.243MB
2026-06-24T00:30:25.976Z  INFO 17845 --- [utReader-stderr] o.s.boot.docker.compose.core.DockerCli   :  72c03230f136 Downloading 18.87MB
2026-06-24T00:30:25.976Z  INFO 17845 --- [utReader-stderr] o.s.boot.docker.compose.core.DockerCli   :  e391a38c1c31 Downloading 5.243MB
2026-06-24T00:30:25.976Z  INFO 17845 --- [utReader-stderr] o.s.boot.docker.compose.core.DockerCli   :  c842cf8435b1 Downloading 8.389MB
2026-06-24T00:30:26.076Z  INFO 17845 --- [utReader-stderr] o.s.boot.docker.compose.core.DockerCli   :  72c03230f136 Downloading 18.87MB
2026-06-24T00:30:26.076Z  INFO 17845 --- [utReader-stderr] o.s.boot.docker.compose.core.DockerCli   :  e391a38c1c31 Downloading 5.243MB
2026-06-24T00:30:26.076Z  INFO 17845 --- [utReader-stderr] o.s.boot.docker.compose.core.DockerCli   :  c842cf8435b1 Downloading 8.389MB
2026-06-24T00:30:26.176Z  INFO 17845 --- [utReader-stderr] o.s.boot.docker.compose.core.DockerCli   :  e391a38c1c31 Download complete 0B
2026-06-24T00:30:26.178Z  INFO 17845 --- [utReader-stderr] o.s.boot.docker.compose.core.DockerCli   :  c842cf8435b1 Downloading 8.389MB
2026-06-24T00:30:26.178Z  INFO 17845 --- [utReader-stderr] o.s.boot.docker.compose.core.DockerCli   :  72c03230f136 Downloading 19.92MB
2026-06-24T00:30:26.275Z  INFO 17845 --- [utReader-stderr] o.s.boot.docker.compose.core.DockerCli   :  72c03230f136 Downloading 20.97MB
2026-06-24T00:30:26.275Z  INFO 17845 --- [utReader-stderr] o.s.boot.docker.compose.core.DockerCli   :  c842cf8435b1 Downloading 8.389MB
2026-06-24T00:30:26.376Z  INFO 17845 --- [utReader-stderr] o.s.boot.docker.compose.core.DockerCli   :  72c03230f136 Downloading 20.97MB
2026-06-24T00:30:26.377Z  INFO 17845 --- [utReader-stderr] o.s.boot.docker.compose.core.DockerCli   :  c842cf8435b1 Downloading 9.437MB
2026-06-24T00:30:26.476Z  INFO 17845 --- [utReader-stderr] o.s.boot.docker.compose.core.DockerCli   :  c842cf8435b1 Downloading 9.437MB
2026-06-24T00:30:26.477Z  INFO 17845 --- [utReader-stderr] o.s.boot.docker.compose.core.DockerCli   :  72c03230f136 Downloading 22.02MB
2026-06-24T00:30:26.576Z  INFO 17845 --- [utReader-stderr] o.s.boot.docker.compose.core.DockerCli   :  c842cf8435b1 Downloading 9.437MB
2026-06-24T00:30:26.576Z  INFO 17845 --- [utReader-stderr] o.s.boot.docker.compose.core.DockerCli   :  72c03230f136 Downloading 22.02MB
2026-06-24T00:30:26.675Z  INFO 17845 --- [utReader-stderr] o.s.boot.docker.compose.core.DockerCli   :  c842cf8435b1 Downloading 9.437MB
2026-06-24T00:30:26.675Z  INFO 17845 --- [utReader-stderr] o.s.boot.docker.compose.core.DockerCli   :  72c03230f136 Downloading 22.02MB
2026-06-24T00:30:26.777Z  INFO 17845 --- [utReader-stderr] o.s.boot.docker.compose.core.DockerCli   :  c842cf8435b1 Downloading 9.437MB
2026-06-24T00:30:26.777Z  INFO 17845 --- [utReader-stderr] o.s.boot.docker.compose.core.DockerCli   :  72c03230f136 Downloading 23.07MB
2026-06-24T00:30:26.876Z  INFO 17845 --- [utReader-stderr] o.s.boot.docker.compose.core.DockerCli   :  72c03230f136 Downloading 23.07MB
2026-06-24T00:30:26.876Z  INFO 17845 --- [utReader-stderr] o.s.boot.docker.compose.core.DockerCli   :  c842cf8435b1 Downloading 9.437MB
2026-06-24T00:30:26.976Z  INFO 17845 --- [utReader-stderr] o.s.boot.docker.compose.core.DockerCli   :  c842cf8435b1 Downloading 9.437MB
2026-06-24T00:30:26.977Z  INFO 17845 --- [utReader-stderr] o.s.boot.docker.compose.core.DockerCli   :  72c03230f136 Downloading 24.12MB
2026-06-24T00:30:27.076Z  INFO 17845 --- [utReader-stderr] o.s.boot.docker.compose.core.DockerCli   :  72c03230f136 Downloading 24.12MB
2026-06-24T00:30:27.076Z  INFO 17845 --- [utReader-stderr] o.s.boot.docker.compose.core.DockerCli   :  c842cf8435b1 Downloading 10.49MB
2026-06-24T00:30:27.177Z  INFO 17845 --- [utReader-stderr] o.s.boot.docker.compose.core.DockerCli   :  c842cf8435b1 Downloading 10.49MB
2026-06-24T00:30:27.177Z  INFO 17845 --- [utReader-stderr] o.s.boot.docker.compose.core.DockerCli   :  72c03230f136 Downloading 25.17MB
2026-06-24T00:30:27.275Z  INFO 17845 --- [utReader-stderr] o.s.boot.docker.compose.core.DockerCli   :  c842cf8435b1 Downloading 10.49MB
2026-06-24T00:30:27.276Z  INFO 17845 --- [utReader-stderr] o.s.boot.docker.compose.core.DockerCli   :  72c03230f136 Downloading 25.17MB
2026-06-24T00:30:27.376Z  INFO 17845 --- [utReader-stderr] o.s.boot.docker.compose.core.DockerCli   :  c842cf8435b1 Downloading 10.49MB
2026-06-24T00:30:27.376Z  INFO 17845 --- [utReader-stderr] o.s.boot.docker.compose.core.DockerCli   :  72c03230f136 Downloading 26.21MB
2026-06-24T00:30:27.475Z  INFO 17845 --- [utReader-stderr] o.s.boot.docker.compose.core.DockerCli   :  72c03230f136 Downloading 27.26MB
2026-06-24T00:30:27.475Z  INFO 17845 --- [utReader-stderr] o.s.boot.docker.compose.core.DockerCli   :  c842cf8435b1 Downloading 11.53MB
2026-06-24T00:30:27.575Z  INFO 17845 --- [utReader-stderr] o.s.boot.docker.compose.core.DockerCli   :  c842cf8435b1 Downloading 11.53MB
2026-06-24T00:30:27.575Z  INFO 17845 --- [utReader-stderr] o.s.boot.docker.compose.core.DockerCli   :  72c03230f136 Downloading 27.26MB
2026-06-24T00:30:27.676Z  INFO 17845 --- [utReader-stderr] o.s.boot.docker.compose.core.DockerCli   :  c842cf8435b1 Downloading 11.53MB
2026-06-24T00:30:27.676Z  INFO 17845 --- [utReader-stderr] o.s.boot.docker.compose.core.DockerCli   :  72c03230f136 Downloading 28.31MB
2026-06-24T00:30:27.776Z  INFO 17845 --- [utReader-stderr] o.s.boot.docker.compose.core.DockerCli   :  c842cf8435b1 Downloading 11.53MB
2026-06-24T00:30:27.776Z  INFO 17845 --- [utReader-stderr] o.s.boot.docker.compose.core.DockerCli   :  72c03230f136 Downloading 28.31MB
2026-06-24T00:30:27.876Z  INFO 17845 --- [utReader-stderr] o.s.boot.docker.compose.core.DockerCli   :  72c03230f136 Downloading 29.36MB
2026-06-24T00:30:27.876Z  INFO 17845 --- [utReader-stderr] o.s.boot.docker.compose.core.DockerCli   :  c842cf8435b1 Downloading 11.53MB
2026-06-24T00:30:27.976Z  INFO 17845 --- [utReader-stderr] o.s.boot.docker.compose.core.DockerCli   :  72c03230f136 Download complete 0B
2026-06-24T00:30:27.976Z  INFO 17845 --- [utReader-stderr] o.s.boot.docker.compose.core.DockerCli   :  c842cf8435b1 Downloading 12.58MB
2026-06-24T00:30:27.986Z  INFO 17845 --- [utReader-stderr] o.s.boot.docker.compose.core.DockerCli   :  72c03230f136 Extracting 1B
2026-06-24T00:30:28.075Z  INFO 17845 --- [utReader-stderr] o.s.boot.docker.compose.core.DockerCli   :  c842cf8435b1 Downloading 12.58MB
2026-06-24T00:30:28.085Z  INFO 17845 --- [utReader-stderr] o.s.boot.docker.compose.core.DockerCli   :  72c03230f136 Extracting 1B
2026-06-24T00:30:28.175Z  INFO 17845 --- [utReader-stderr] o.s.boot.docker.compose.core.DockerCli   :  c842cf8435b1 Downloading 12.58MB
2026-06-24T00:30:28.189Z  INFO 17845 --- [utReader-stderr] o.s.boot.docker.compose.core.DockerCli   :  72c03230f136 Extracting 1B
2026-06-24T00:30:28.275Z  INFO 17845 --- [utReader-stderr] o.s.boot.docker.compose.core.DockerCli   :  c842cf8435b1 Downloading 12.58MB
2026-06-24T00:30:28.284Z  INFO 17845 --- [utReader-stderr] o.s.boot.docker.compose.core.DockerCli   :  72c03230f136 Extracting 1B
2026-06-24T00:30:28.375Z  INFO 17845 --- [utReader-stderr] o.s.boot.docker.compose.core.DockerCli   :  c842cf8435b1 Downloading 12.58MB
2026-06-24T00:30:28.386Z  INFO 17845 --- [utReader-stderr] o.s.boot.docker.compose.core.DockerCli   :  72c03230f136 Extracting 1B
2026-06-24T00:30:28.475Z  INFO 17845 --- [utReader-stderr] o.s.boot.docker.compose.core.DockerCli   :  c842cf8435b1 Downloading 13.63MB
2026-06-24T00:30:28.493Z  INFO 17845 --- [utReader-stderr] o.s.boot.docker.compose.core.DockerCli   :  72c03230f136 Extracting 1B
2026-06-24T00:30:28.576Z  INFO 17845 --- [utReader-stderr] o.s.boot.docker.compose.core.DockerCli   :  c842cf8435b1 Downloading 13.63MB
2026-06-24T00:30:28.585Z  INFO 17845 --- [utReader-stderr] o.s.boot.docker.compose.core.DockerCli   :  72c03230f136 Extracting 1B
2026-06-24T00:30:28.676Z  INFO 17845 --- [utReader-stderr] o.s.boot.docker.compose.core.DockerCli   :  c842cf8435b1 Downloading 13.63MB
2026-06-24T00:30:28.687Z  INFO 17845 --- [utReader-stderr] o.s.boot.docker.compose.core.DockerCli   :  72c03230f136 Extracting 1B
2026-06-24T00:30:28.775Z  INFO 17845 --- [utReader-stderr] o.s.boot.docker.compose.core.DockerCli   :  c842cf8435b1 Downloading 13.63MB
2026-06-24T00:30:28.784Z  INFO 17845 --- [utReader-stderr] o.s.boot.docker.compose.core.DockerCli   :  72c03230f136 Extracting 1B
2026-06-24T00:30:28.875Z  INFO 17845 --- [utReader-stderr] o.s.boot.docker.compose.core.DockerCli   :  c842cf8435b1 Downloading 13.63MB
2026-06-24T00:30:28.887Z  INFO 17845 --- [utReader-stderr] o.s.boot.docker.compose.core.DockerCli   :  72c03230f136 Extracting 1B
2026-06-24T00:30:28.976Z  INFO 17845 --- [utReader-stderr] o.s.boot.docker.compose.core.DockerCli   :  c842cf8435b1 Downloading 14.68MB
2026-06-24T00:30:29.019Z  INFO 17845 --- [utReader-stderr] o.s.boot.docker.compose.core.DockerCli   :  72c03230f136 Extracting 2B
2026-06-24T00:30:29.076Z  INFO 17845 --- [utReader-stderr] o.s.boot.docker.compose.core.DockerCli   :  c842cf8435b1 Downloading 14.68MB
2026-06-24T00:30:29.083Z  INFO 17845 --- [utReader-stderr] o.s.boot.docker.compose.core.DockerCli   :  72c03230f136 Extracting 2B
2026-06-24T00:30:29.175Z  INFO 17845 --- [utReader-stderr] o.s.boot.docker.compose.core.DockerCli   :  c842cf8435b1 Downloading 14.68MB
2026-06-24T00:30:29.181Z  INFO 17845 --- [utReader-stderr] o.s.boot.docker.compose.core.DockerCli   :  02e6c749fab3 Pull complete 0B
2026-06-24T00:30:29.186Z  INFO 17845 --- [utReader-stderr] o.s.boot.docker.compose.core.DockerCli   :  e391a38c1c31 Extracting 1B
2026-06-24T00:30:29.188Z  INFO 17845 --- [utReader-stderr] o.s.boot.docker.compose.core.DockerCli   :  72c03230f136 Pull complete 0B
2026-06-24T00:30:29.275Z  INFO 17845 --- [utReader-stderr] o.s.boot.docker.compose.core.DockerCli   :  c842cf8435b1 Downloading 14.68MB
2026-06-24T00:30:29.283Z  INFO 17845 --- [utReader-stderr] o.s.boot.docker.compose.core.DockerCli   :  e391a38c1c31 Extracting 1B
2026-06-24T00:30:29.375Z  INFO 17845 --- [utReader-stderr] o.s.boot.docker.compose.core.DockerCli   :  c842cf8435b1 Downloading 14.68MB
2026-06-24T00:30:29.384Z  INFO 17845 --- [utReader-stderr] o.s.boot.docker.compose.core.DockerCli   :  99225b615c3c Pull complete 0B
2026-06-24T00:30:29.385Z  INFO 17845 --- [utReader-stderr] o.s.boot.docker.compose.core.DockerCli   :  f6e1d32857ac Extracting 1B
2026-06-24T00:30:29.386Z  INFO 17845 --- [utReader-stderr] o.s.boot.docker.compose.core.DockerCli   :  e391a38c1c31 Pull complete 0B
2026-06-24T00:30:29.477Z  INFO 17845 --- [utReader-stderr] o.s.boot.docker.compose.core.DockerCli   :  c842cf8435b1 Downloading 15.73MB
2026-06-24T00:30:29.492Z  INFO 17845 --- [utReader-stderr] o.s.boot.docker.compose.core.DockerCli   :  f6e1d32857ac Extracting 1B
2026-06-24T00:30:29.576Z  INFO 17845 --- [utReader-stderr] o.s.boot.docker.compose.core.DockerCli   :  c842cf8435b1 Downloading 15.73MB
2026-06-24T00:30:29.586Z  INFO 17845 --- [utReader-stderr] o.s.boot.docker.compose.core.DockerCli   :  f6e1d32857ac Extracting 1B
2026-06-24T00:30:29.676Z  INFO 17845 --- [utReader-stderr] o.s.boot.docker.compose.core.DockerCli   :  c842cf8435b1 Downloading 15.73MB
2026-06-24T00:30:29.686Z  INFO 17845 --- [utReader-stderr] o.s.boot.docker.compose.core.DockerCli   :  9ba25a8af2c3 Pull complete 0B
2026-06-24T00:30:29.687Z  INFO 17845 --- [utReader-stderr] o.s.boot.docker.compose.core.DockerCli   :  f6e1d32857ac Pull complete 0B
2026-06-24T00:30:29.775Z  INFO 17845 --- [utReader-stderr] o.s.boot.docker.compose.core.DockerCli   :  c842cf8435b1 Downloading 15.73MB
2026-06-24T00:30:29.776Z  INFO 17845 --- [utReader-stderr] o.s.boot.docker.compose.core.DockerCli   :  f61d84e337a8 Pull complete 0B
2026-06-24T00:30:29.780Z  INFO 17845 --- [utReader-stderr] o.s.boot.docker.compose.core.DockerCli   :  8ada4aa58337 Pull complete 0B
2026-06-24T00:30:29.875Z  INFO 17845 --- [utReader-stderr] o.s.boot.docker.compose.core.DockerCli   :  c842cf8435b1 Downloading 16.78MB
2026-06-24T00:30:29.975Z  INFO 17845 --- [utReader-stderr] o.s.boot.docker.compose.core.DockerCli   :  c842cf8435b1 Downloading 16.78MB
2026-06-24T00:30:30.075Z  INFO 17845 --- [utReader-stderr] o.s.boot.docker.compose.core.DockerCli   :  c842cf8435b1 Downloading 16.78MB
2026-06-24T00:30:30.175Z  INFO 17845 --- [utReader-stderr] o.s.boot.docker.compose.core.DockerCli   :  c842cf8435b1 Downloading 16.78MB
2026-06-24T00:30:30.276Z  INFO 17845 --- [utReader-stderr] o.s.boot.docker.compose.core.DockerCli   :  c842cf8435b1 Downloading 17.83MB
2026-06-24T00:30:30.375Z  INFO 17845 --- [utReader-stderr] o.s.boot.docker.compose.core.DockerCli   :  c842cf8435b1 Downloading 17.83MB
2026-06-24T00:30:30.475Z  INFO 17845 --- [utReader-stderr] o.s.boot.docker.compose.core.DockerCli   :  c842cf8435b1 Downloading 17.83MB
2026-06-24T00:30:30.575Z  INFO 17845 --- [utReader-stderr] o.s.boot.docker.compose.core.DockerCli   :  c842cf8435b1 Downloading 18.87MB
2026-06-24T00:30:30.675Z  INFO 17845 --- [utReader-stderr] o.s.boot.docker.compose.core.DockerCli   :  c842cf8435b1 Downloading 18.87MB
2026-06-24T00:30:30.776Z  INFO 17845 --- [utReader-stderr] o.s.boot.docker.compose.core.DockerCli   :  c842cf8435b1 Downloading 18.87MB
2026-06-24T00:30:30.876Z  INFO 17845 --- [utReader-stderr] o.s.boot.docker.compose.core.DockerCli   :  c842cf8435b1 Downloading 19.92MB
2026-06-24T00:30:30.976Z  INFO 17845 --- [utReader-stderr] o.s.boot.docker.compose.core.DockerCli   :  c842cf8435b1 Downloading 19.92MB
2026-06-24T00:30:31.075Z  INFO 17845 --- [utReader-stderr] o.s.boot.docker.compose.core.DockerCli   :  c842cf8435b1 Downloading 20.97MB
2026-06-24T00:30:31.175Z  INFO 17845 --- [utReader-stderr] o.s.boot.docker.compose.core.DockerCli   :  c842cf8435b1 Downloading 20.97MB
2026-06-24T00:30:31.276Z  INFO 17845 --- [utReader-stderr] o.s.boot.docker.compose.core.DockerCli   :  c842cf8435b1 Downloading 22.02MB
2026-06-24T00:30:31.376Z  INFO 17845 --- [utReader-stderr] o.s.boot.docker.compose.core.DockerCli   :  c842cf8435b1 Downloading 22.02MB
2026-06-24T00:30:31.475Z  INFO 17845 --- [utReader-stderr] o.s.boot.docker.compose.core.DockerCli   :  c842cf8435b1 Downloading 23.07MB
2026-06-24T00:30:31.575Z  INFO 17845 --- [utReader-stderr] o.s.boot.docker.compose.core.DockerCli   :  c842cf8435b1 Downloading 23.07MB
2026-06-24T00:30:31.675Z  INFO 17845 --- [utReader-stderr] o.s.boot.docker.compose.core.DockerCli   :  c842cf8435b1 Downloading 24.12MB
2026-06-24T00:30:31.776Z  INFO 17845 --- [utReader-stderr] o.s.boot.docker.compose.core.DockerCli   :  c842cf8435b1 Downloading 25.17MB
2026-06-24T00:30:31.876Z  INFO 17845 --- [utReader-stderr] o.s.boot.docker.compose.core.DockerCli   :  c842cf8435b1 Downloading 25.17MB
2026-06-24T00:30:31.976Z  INFO 17845 --- [utReader-stderr] o.s.boot.docker.compose.core.DockerCli   :  c842cf8435b1 Downloading 26.21MB
2026-06-24T00:30:32.075Z  INFO 17845 --- [utReader-stderr] o.s.boot.docker.compose.core.DockerCli   :  c842cf8435b1 Downloading 27.26MB
2026-06-24T00:30:32.175Z  INFO 17845 --- [utReader-stderr] o.s.boot.docker.compose.core.DockerCli   :  c842cf8435b1 Downloading 27.26MB
2026-06-24T00:30:32.275Z  INFO 17845 --- [utReader-stderr] o.s.boot.docker.compose.core.DockerCli   :  c842cf8435b1 Downloading 28.31MB
2026-06-24T00:30:32.379Z  INFO 17845 --- [utReader-stderr] o.s.boot.docker.compose.core.DockerCli   :  c842cf8435b1 Downloading 29.36MB
2026-06-24T00:30:32.477Z  INFO 17845 --- [utReader-stderr] o.s.boot.docker.compose.core.DockerCli   :  c842cf8435b1 Downloading 30.41MB
2026-06-24T00:30:32.576Z  INFO 17845 --- [utReader-stderr] o.s.boot.docker.compose.core.DockerCli   :  c842cf8435b1 Downloading 31.46MB
2026-06-24T00:30:32.675Z  INFO 17845 --- [utReader-stderr] o.s.boot.docker.compose.core.DockerCli   :  c842cf8435b1 Downloading 31.46MB
2026-06-24T00:30:32.775Z  INFO 17845 --- [utReader-stderr] o.s.boot.docker.compose.core.DockerCli   :  c842cf8435b1 Downloading 32.51MB
2026-06-24T00:30:32.876Z  INFO 17845 --- [utReader-stderr] o.s.boot.docker.compose.core.DockerCli   :  c842cf8435b1 Downloading 33.55MB
2026-06-24T00:30:32.975Z  INFO 17845 --- [utReader-stderr] o.s.boot.docker.compose.core.DockerCli   :  c842cf8435b1 Downloading 34.6MB
2026-06-24T00:30:33.076Z  INFO 17845 --- [utReader-stderr] o.s.boot.docker.compose.core.DockerCli   :  c842cf8435b1 Downloading 35.65MB
2026-06-24T00:30:33.176Z  INFO 17845 --- [utReader-stderr] o.s.boot.docker.compose.core.DockerCli   :  c842cf8435b1 Downloading 36.7MB
2026-06-24T00:30:33.276Z  INFO 17845 --- [utReader-stderr] o.s.boot.docker.compose.core.DockerCli   :  c842cf8435b1 Downloading 36.7MB
2026-06-24T00:30:33.376Z  INFO 17845 --- [utReader-stderr] o.s.boot.docker.compose.core.DockerCli   :  c842cf8435b1 Downloading 37.75MB
2026-06-24T00:30:33.476Z  INFO 17845 --- [utReader-stderr] o.s.boot.docker.compose.core.DockerCli   :  c842cf8435b1 Downloading 37.75MB
2026-06-24T00:30:33.576Z  INFO 17845 --- [utReader-stderr] o.s.boot.docker.compose.core.DockerCli   :  c842cf8435b1 Downloading 37.75MB
2026-06-24T00:30:33.676Z  INFO 17845 --- [utReader-stderr] o.s.boot.docker.compose.core.DockerCli   :  c842cf8435b1 Downloading 39.85MB
2026-06-24T00:30:33.775Z  INFO 17845 --- [utReader-stderr] o.s.boot.docker.compose.core.DockerCli   :  c842cf8435b1 Downloading 40.89MB
2026-06-24T00:30:33.876Z  INFO 17845 --- [utReader-stderr] o.s.boot.docker.compose.core.DockerCli   :  c842cf8435b1 Downloading 41.94MB
2026-06-24T00:30:33.975Z  INFO 17845 --- [utReader-stderr] o.s.boot.docker.compose.core.DockerCli   :  c842cf8435b1 Downloading 42.99MB
2026-06-24T00:30:34.076Z  INFO 17845 --- [utReader-stderr] o.s.boot.docker.compose.core.DockerCli   :  c842cf8435b1 Downloading 44.04MB
2026-06-24T00:30:34.175Z  INFO 17845 --- [utReader-stderr] o.s.boot.docker.compose.core.DockerCli   :  c842cf8435b1 Downloading 44.04MB
2026-06-24T00:30:34.275Z  INFO 17845 --- [utReader-stderr] o.s.boot.docker.compose.core.DockerCli   :  c842cf8435b1 Downloading 45.09MB
2026-06-24T00:30:34.375Z  INFO 17845 --- [utReader-stderr] o.s.boot.docker.compose.core.DockerCli   :  c842cf8435b1 Downloading 46.14MB
2026-06-24T00:30:34.475Z  INFO 17845 --- [utReader-stderr] o.s.boot.docker.compose.core.DockerCli   :  c842cf8435b1 Downloading 46.14MB
2026-06-24T00:30:34.576Z  INFO 17845 --- [utReader-stderr] o.s.boot.docker.compose.core.DockerCli   :  c842cf8435b1 Downloading 47.19MB
2026-06-24T00:30:34.676Z  INFO 17845 --- [utReader-stderr] o.s.boot.docker.compose.core.DockerCli   :  c842cf8435b1 Downloading 48.23MB
2026-06-24T00:30:34.776Z  INFO 17845 --- [utReader-stderr] o.s.boot.docker.compose.core.DockerCli   :  c842cf8435b1 Downloading 48.23MB
2026-06-24T00:30:34.877Z  INFO 17845 --- [utReader-stderr] o.s.boot.docker.compose.core.DockerCli   :  c842cf8435b1 Downloading 49.28MB
2026-06-24T00:30:34.976Z  INFO 17845 --- [utReader-stderr] o.s.boot.docker.compose.core.DockerCli   :  c842cf8435b1 Downloading 49.28MB
2026-06-24T00:30:35.075Z  INFO 17845 --- [utReader-stderr] o.s.boot.docker.compose.core.DockerCli   :  c842cf8435b1 Downloading 50.33MB
2026-06-24T00:30:35.177Z  INFO 17845 --- [utReader-stderr] o.s.boot.docker.compose.core.DockerCli   :  c842cf8435b1 Downloading 51.38MB
2026-06-24T00:30:35.277Z  INFO 17845 --- [utReader-stderr] o.s.boot.docker.compose.core.DockerCli   :  c842cf8435b1 Downloading 52.43MB
2026-06-24T00:30:35.377Z  INFO 17845 --- [utReader-stderr] o.s.boot.docker.compose.core.DockerCli   :  c842cf8435b1 Downloading 52.43MB
2026-06-24T00:30:35.476Z  INFO 17845 --- [utReader-stderr] o.s.boot.docker.compose.core.DockerCli   :  c842cf8435b1 Downloading 53.48MB
2026-06-24T00:30:35.576Z  INFO 17845 --- [utReader-stderr] o.s.boot.docker.compose.core.DockerCli   :  c842cf8435b1 Downloading 53.48MB
2026-06-24T00:30:35.676Z  INFO 17845 --- [utReader-stderr] o.s.boot.docker.compose.core.DockerCli   :  c842cf8435b1 Downloading 54.53MB
2026-06-24T00:30:35.776Z  INFO 17845 --- [utReader-stderr] o.s.boot.docker.compose.core.DockerCli   :  c842cf8435b1 Downloading 54.53MB
2026-06-24T00:30:35.876Z  INFO 17845 --- [utReader-stderr] o.s.boot.docker.compose.core.DockerCli   :  c842cf8435b1 Downloading 55.57MB
2026-06-24T00:30:35.976Z  INFO 17845 --- [utReader-stderr] o.s.boot.docker.compose.core.DockerCli   :  c842cf8435b1 Downloading 56.62MB
2026-06-24T00:30:36.078Z  INFO 17845 --- [utReader-stderr] o.s.boot.docker.compose.core.DockerCli   :  c842cf8435b1 Downloading 57.67MB
2026-06-24T00:30:36.177Z  INFO 17845 --- [utReader-stderr] o.s.boot.docker.compose.core.DockerCli   :  c842cf8435b1 Downloading 57.67MB
2026-06-24T00:30:36.276Z  INFO 17845 --- [utReader-stderr] o.s.boot.docker.compose.core.DockerCli   :  c842cf8435b1 Downloading 58.72MB
2026-06-24T00:30:36.375Z  INFO 17845 --- [utReader-stderr] o.s.boot.docker.compose.core.DockerCli   :  c842cf8435b1 Downloading 59.77MB
2026-06-24T00:30:36.475Z  INFO 17845 --- [utReader-stderr] o.s.boot.docker.compose.core.DockerCli   :  c842cf8435b1 Downloading 59.77MB
2026-06-24T00:30:36.575Z  INFO 17845 --- [utReader-stderr] o.s.boot.docker.compose.core.DockerCli   :  c842cf8435b1 Downloading 60.82MB
2026-06-24T00:30:36.676Z  INFO 17845 --- [utReader-stderr] o.s.boot.docker.compose.core.DockerCli   :  c842cf8435b1 Downloading 61.87MB
2026-06-24T00:30:36.775Z  INFO 17845 --- [utReader-stderr] o.s.boot.docker.compose.core.DockerCli   :  c842cf8435b1 Downloading 61.87MB
2026-06-24T00:30:36.876Z  INFO 17845 --- [utReader-stderr] o.s.boot.docker.compose.core.DockerCli   :  c842cf8435b1 Downloading 62.91MB
2026-06-24T00:30:36.976Z  INFO 17845 --- [utReader-stderr] o.s.boot.docker.compose.core.DockerCli   :  c842cf8435b1 Downloading 63.96MB
2026-06-24T00:30:37.076Z  INFO 17845 --- [utReader-stderr] o.s.boot.docker.compose.core.DockerCli   :  c842cf8435b1 Downloading 65.01MB
2026-06-24T00:30:37.176Z  INFO 17845 --- [utReader-stderr] o.s.boot.docker.compose.core.DockerCli   :  c842cf8435b1 Downloading 65.01MB
2026-06-24T00:30:37.275Z  INFO 17845 --- [utReader-stderr] o.s.boot.docker.compose.core.DockerCli   :  c842cf8435b1 Downloading 66.06MB
2026-06-24T00:30:37.377Z  INFO 17845 --- [utReader-stderr] o.s.boot.docker.compose.core.DockerCli   :  c842cf8435b1 Downloading 66.06MB
2026-06-24T00:30:37.477Z  INFO 17845 --- [utReader-stderr] o.s.boot.docker.compose.core.DockerCli   :  c842cf8435b1 Downloading 67.11MB
2026-06-24T00:30:37.575Z  INFO 17845 --- [utReader-stderr] o.s.boot.docker.compose.core.DockerCli   :  c842cf8435b1 Downloading 68.16MB
2026-06-24T00:30:37.675Z  INFO 17845 --- [utReader-stderr] o.s.boot.docker.compose.core.DockerCli   :  c842cf8435b1 Downloading 68.16MB
2026-06-24T00:30:37.776Z  INFO 17845 --- [utReader-stderr] o.s.boot.docker.compose.core.DockerCli   :  c842cf8435b1 Downloading 70.25MB
2026-06-24T00:30:37.875Z  INFO 17845 --- [utReader-stderr] o.s.boot.docker.compose.core.DockerCli   :  c842cf8435b1 Downloading 70.25MB
2026-06-24T00:30:37.975Z  INFO 17845 --- [utReader-stderr] o.s.boot.docker.compose.core.DockerCli   :  c842cf8435b1 Downloading 71.3MB
2026-06-24T00:30:38.076Z  INFO 17845 --- [utReader-stderr] o.s.boot.docker.compose.core.DockerCli   :  c842cf8435b1 Downloading 71.3MB
2026-06-24T00:30:38.176Z  INFO 17845 --- [utReader-stderr] o.s.boot.docker.compose.core.DockerCli   :  c842cf8435b1 Downloading 71.3MB
2026-06-24T00:30:38.276Z  INFO 17845 --- [utReader-stderr] o.s.boot.docker.compose.core.DockerCli   :  c842cf8435b1 Downloading 73.4MB
2026-06-24T00:30:38.376Z  INFO 17845 --- [utReader-stderr] o.s.boot.docker.compose.core.DockerCli   :  c842cf8435b1 Downloading 73.4MB
2026-06-24T00:30:38.477Z  INFO 17845 --- [utReader-stderr] o.s.boot.docker.compose.core.DockerCli   :  c842cf8435b1 Downloading 73.4MB
2026-06-24T00:30:38.577Z  INFO 17845 --- [utReader-stderr] o.s.boot.docker.compose.core.DockerCli   :  c842cf8435b1 Downloading 73.4MB
2026-06-24T00:30:38.675Z  INFO 17845 --- [utReader-stderr] o.s.boot.docker.compose.core.DockerCli   :  c842cf8435b1 Downloading 73.4MB
2026-06-24T00:30:38.776Z  INFO 17845 --- [utReader-stderr] o.s.boot.docker.compose.core.DockerCli   :  c842cf8435b1 Downloading 74.45MB
2026-06-24T00:30:38.875Z  INFO 17845 --- [utReader-stderr] o.s.boot.docker.compose.core.DockerCli   :  c842cf8435b1 Downloading 75.5MB
2026-06-24T00:30:38.976Z  INFO 17845 --- [utReader-stderr] o.s.boot.docker.compose.core.DockerCli   :  c842cf8435b1 Downloading 76.55MB
2026-06-24T00:30:39.076Z  INFO 17845 --- [utReader-stderr] o.s.boot.docker.compose.core.DockerCli   :  c842cf8435b1 Downloading 77.59MB
2026-06-24T00:30:39.176Z  INFO 17845 --- [utReader-stderr] o.s.boot.docker.compose.core.DockerCli   :  c842cf8435b1 Downloading 78.64MB
2026-06-24T00:30:39.276Z  INFO 17845 --- [utReader-stderr] o.s.boot.docker.compose.core.DockerCli   :  c842cf8435b1 Downloading 78.64MB
2026-06-24T00:30:39.378Z  INFO 17845 --- [utReader-stderr] o.s.boot.docker.compose.core.DockerCli   :  c842cf8435b1 Downloading 78.64MB
2026-06-24T00:30:39.476Z  INFO 17845 --- [utReader-stderr] o.s.boot.docker.compose.core.DockerCli   :  c842cf8435b1 Downloading 79.69MB
2026-06-24T00:30:39.577Z  INFO 17845 --- [utReader-stderr] o.s.boot.docker.compose.core.DockerCli   :  c842cf8435b1 Downloading 79.69MB
2026-06-24T00:30:39.676Z  INFO 17845 --- [utReader-stderr] o.s.boot.docker.compose.core.DockerCli   :  c842cf8435b1 Downloading 80.74MB
2026-06-24T00:30:39.777Z  INFO 17845 --- [utReader-stderr] o.s.boot.docker.compose.core.DockerCli   :  c842cf8435b1 Downloading 81.79MB
2026-06-24T00:30:39.876Z  INFO 17845 --- [utReader-stderr] o.s.boot.docker.compose.core.DockerCli   :  c842cf8435b1 Downloading 82.84MB
2026-06-24T00:30:39.975Z  INFO 17845 --- [utReader-stderr] o.s.boot.docker.compose.core.DockerCli   :  c842cf8435b1 Downloading 83.89MB
2026-06-24T00:30:40.078Z  INFO 17845 --- [utReader-stderr] o.s.boot.docker.compose.core.DockerCli   :  c842cf8435b1 Downloading 84.93MB
2026-06-24T00:30:40.176Z  INFO 17845 --- [utReader-stderr] o.s.boot.docker.compose.core.DockerCli   :  c842cf8435b1 Downloading 84.93MB
2026-06-24T00:30:40.275Z  INFO 17845 --- [utReader-stderr] o.s.boot.docker.compose.core.DockerCli   :  c842cf8435b1 Downloading 85.98MB
2026-06-24T00:30:40.376Z  INFO 17845 --- [utReader-stderr] o.s.boot.docker.compose.core.DockerCli   :  c842cf8435b1 Downloading 85.98MB
2026-06-24T00:30:40.476Z  INFO 17845 --- [utReader-stderr] o.s.boot.docker.compose.core.DockerCli   :  c842cf8435b1 Downloading 88.08MB
2026-06-24T00:30:40.575Z  INFO 17845 --- [utReader-stderr] o.s.boot.docker.compose.core.DockerCli   :  c842cf8435b1 Downloading 88.08MB
2026-06-24T00:30:40.677Z  INFO 17845 --- [utReader-stderr] o.s.boot.docker.compose.core.DockerCli   :  c842cf8435b1 Downloading 89.13MB
2026-06-24T00:30:40.776Z  INFO 17845 --- [utReader-stderr] o.s.boot.docker.compose.core.DockerCli   :  c842cf8435b1 Downloading 89.13MB
2026-06-24T00:30:40.875Z  INFO 17845 --- [utReader-stderr] o.s.boot.docker.compose.core.DockerCli   :  c842cf8435b1 Downloading 90.18MB
2026-06-24T00:30:40.975Z  INFO 17845 --- [utReader-stderr] o.s.boot.docker.compose.core.DockerCli   :  c842cf8435b1 Downloading 90.18MB
2026-06-24T00:30:41.076Z  INFO 17845 --- [utReader-stderr] o.s.boot.docker.compose.core.DockerCli   :  c842cf8435b1 Downloading 91.23MB
2026-06-24T00:30:41.175Z  INFO 17845 --- [utReader-stderr] o.s.boot.docker.compose.core.DockerCli   :  c842cf8435b1 Downloading 92.27MB
2026-06-24T00:30:41.277Z  INFO 17845 --- [utReader-stderr] o.s.boot.docker.compose.core.DockerCli   :  c842cf8435b1 Downloading 93.32MB
2026-06-24T00:30:41.376Z  INFO 17845 --- [utReader-stderr] o.s.boot.docker.compose.core.DockerCli   :  c842cf8435b1 Downloading 93.32MB
2026-06-24T00:30:41.475Z  INFO 17845 --- [utReader-stderr] o.s.boot.docker.compose.core.DockerCli   :  c842cf8435b1 Downloading 94.37MB
2026-06-24T00:30:41.575Z  INFO 17845 --- [utReader-stderr] o.s.boot.docker.compose.core.DockerCli   :  c842cf8435b1 Downloading 95.42MB
2026-06-24T00:30:41.677Z  INFO 17845 --- [utReader-stderr] o.s.boot.docker.compose.core.DockerCli   :  c842cf8435b1 Downloading 95.42MB
2026-06-24T00:30:41.776Z  INFO 17845 --- [utReader-stderr] o.s.boot.docker.compose.core.DockerCli   :  c842cf8435b1 Downloading 96.47MB
2026-06-24T00:30:41.877Z  INFO 17845 --- [utReader-stderr] o.s.boot.docker.compose.core.DockerCli   :  c842cf8435b1 Downloading 96.47MB
2026-06-24T00:30:41.976Z  INFO 17845 --- [utReader-stderr] o.s.boot.docker.compose.core.DockerCli   :  c842cf8435b1 Downloading 97.52MB
2026-06-24T00:30:42.076Z  INFO 17845 --- [utReader-stderr] o.s.boot.docker.compose.core.DockerCli   :  c842cf8435b1 Downloading 98.57MB
2026-06-24T00:30:42.175Z  INFO 17845 --- [utReader-stderr] o.s.boot.docker.compose.core.DockerCli   :  c842cf8435b1 Downloading 99.61MB
2026-06-24T00:30:42.277Z  INFO 17845 --- [utReader-stderr] o.s.boot.docker.compose.core.DockerCli   :  c842cf8435b1 Downloading 99.61MB
2026-06-24T00:30:42.376Z  INFO 17845 --- [utReader-stderr] o.s.boot.docker.compose.core.DockerCli   :  c842cf8435b1 Downloading 100.7MB
2026-06-24T00:30:42.476Z  INFO 17845 --- [utReader-stderr] o.s.boot.docker.compose.core.DockerCli   :  c842cf8435b1 Downloading 101.7MB
2026-06-24T00:30:42.576Z  INFO 17845 --- [utReader-stderr] o.s.boot.docker.compose.core.DockerCli   :  c842cf8435b1 Downloading 101.7MB
2026-06-24T00:30:42.676Z  INFO 17845 --- [utReader-stderr] o.s.boot.docker.compose.core.DockerCli   :  c842cf8435b1 Downloading 102.8MB
2026-06-24T00:30:42.775Z  INFO 17845 --- [utReader-stderr] o.s.boot.docker.compose.core.DockerCli   :  c842cf8435b1 Downloading 103.8MB
2026-06-24T00:30:42.876Z  INFO 17845 --- [utReader-stderr] o.s.boot.docker.compose.core.DockerCli   :  c842cf8435b1 Downloading 103.8MB
2026-06-24T00:30:42.976Z  INFO 17845 --- [utReader-stderr] o.s.boot.docker.compose.core.DockerCli   :  c842cf8435b1 Downloading 104.9MB
2026-06-24T00:30:43.075Z  INFO 17845 --- [utReader-stderr] o.s.boot.docker.compose.core.DockerCli   :  c842cf8435b1 Downloading 105.9MB
2026-06-24T00:30:43.176Z  INFO 17845 --- [utReader-stderr] o.s.boot.docker.compose.core.DockerCli   :  c842cf8435b1 Downloading 105.9MB
2026-06-24T00:30:43.276Z  INFO 17845 --- [utReader-stderr] o.s.boot.docker.compose.core.DockerCli   :  c842cf8435b1 Downloading 107MB
2026-06-24T00:30:43.376Z  INFO 17845 --- [utReader-stderr] o.s.boot.docker.compose.core.DockerCli   :  c842cf8435b1 Downloading 108MB
2026-06-24T00:30:43.476Z  INFO 17845 --- [utReader-stderr] o.s.boot.docker.compose.core.DockerCli   :  c842cf8435b1 Downloading 108MB
2026-06-24T00:30:43.577Z  INFO 17845 --- [utReader-stderr] o.s.boot.docker.compose.core.DockerCli   :  c842cf8435b1 Downloading 109.1MB
2026-06-24T00:30:43.677Z  INFO 17845 --- [utReader-stderr] o.s.boot.docker.compose.core.DockerCli   :  c842cf8435b1 Downloading 109.1MB
2026-06-24T00:30:43.776Z  INFO 17845 --- [utReader-stderr] o.s.boot.docker.compose.core.DockerCli   :  c842cf8435b1 Downloading 110.1MB
2026-06-24T00:30:43.877Z  INFO 17845 --- [utReader-stderr] o.s.boot.docker.compose.core.DockerCli   :  c842cf8435b1 Downloading 111.1MB
2026-06-24T00:30:43.975Z  INFO 17845 --- [utReader-stderr] o.s.boot.docker.compose.core.DockerCli   :  c842cf8435b1 Downloading 112.2MB
2026-06-24T00:30:44.077Z  INFO 17845 --- [utReader-stderr] o.s.boot.docker.compose.core.DockerCli   :  c842cf8435b1 Downloading 112.2MB
2026-06-24T00:30:44.176Z  INFO 17845 --- [utReader-stderr] o.s.boot.docker.compose.core.DockerCli   :  c842cf8435b1 Downloading 113.2MB
2026-06-24T00:30:44.276Z  INFO 17845 --- [utReader-stderr] o.s.boot.docker.compose.core.DockerCli   :  c842cf8435b1 Downloading 113.2MB
2026-06-24T00:30:44.376Z  INFO 17845 --- [utReader-stderr] o.s.boot.docker.compose.core.DockerCli   :  c842cf8435b1 Downloading 114.3MB
2026-06-24T00:30:44.476Z  INFO 17845 --- [utReader-stderr] o.s.boot.docker.compose.core.DockerCli   :  c842cf8435b1 Download complete 0B
2026-06-24T00:30:44.479Z  INFO 17845 --- [utReader-stderr] o.s.boot.docker.compose.core.DockerCli   :  c842cf8435b1 Extracting 1B
2026-06-24T00:30:44.579Z  INFO 17845 --- [utReader-stderr] o.s.boot.docker.compose.core.DockerCli   :  c842cf8435b1 Extracting 1B
2026-06-24T00:30:44.678Z  INFO 17845 --- [utReader-stderr] o.s.boot.docker.compose.core.DockerCli   :  c842cf8435b1 Extracting 1B
2026-06-24T00:30:44.777Z  INFO 17845 --- [utReader-stderr] o.s.boot.docker.compose.core.DockerCli   :  c842cf8435b1 Extracting 1B
2026-06-24T00:30:44.884Z  INFO 17845 --- [utReader-stderr] o.s.boot.docker.compose.core.DockerCli   :  c842cf8435b1 Extracting 1B
2026-06-24T00:30:44.979Z  INFO 17845 --- [utReader-stderr] o.s.boot.docker.compose.core.DockerCli   :  c842cf8435b1 Extracting 1B
2026-06-24T00:30:45.085Z  INFO 17845 --- [utReader-stderr] o.s.boot.docker.compose.core.DockerCli   :  c842cf8435b1 Extracting 1B
2026-06-24T00:30:45.181Z  INFO 17845 --- [utReader-stderr] o.s.boot.docker.compose.core.DockerCli   :  c842cf8435b1 Extracting 1B
2026-06-24T00:30:45.284Z  INFO 17845 --- [utReader-stderr] o.s.boot.docker.compose.core.DockerCli   :  c842cf8435b1 Extracting 1B
2026-06-24T00:30:45.386Z  INFO 17845 --- [utReader-stderr] o.s.boot.docker.compose.core.DockerCli   :  c842cf8435b1 Extracting 1B
2026-06-24T00:30:45.478Z  INFO 17845 --- [utReader-stderr] o.s.boot.docker.compose.core.DockerCli   :  c842cf8435b1 Extracting 1B
2026-06-24T00:30:45.586Z  INFO 17845 --- [utReader-stderr] o.s.boot.docker.compose.core.DockerCli   :  c842cf8435b1 Extracting 2B
2026-06-24T00:30:45.683Z  INFO 17845 --- [utReader-stderr] o.s.boot.docker.compose.core.DockerCli   :  c842cf8435b1 Extracting 2B
2026-06-24T00:30:45.811Z  INFO 17845 --- [utReader-stderr] o.s.boot.docker.compose.core.DockerCli   :  c842cf8435b1 Extracting 2B
2026-06-24T00:30:45.886Z  INFO 17845 --- [utReader-stderr] o.s.boot.docker.compose.core.DockerCli   :  c842cf8435b1 Extracting 2B
2026-06-24T00:30:45.989Z  INFO 17845 --- [utReader-stderr] o.s.boot.docker.compose.core.DockerCli   :  c842cf8435b1 Extracting 2B
2026-06-24T00:30:46.081Z  INFO 17845 --- [utReader-stderr] o.s.boot.docker.compose.core.DockerCli   :  c842cf8435b1 Extracting 2B
2026-06-24T00:30:46.182Z  INFO 17845 --- [utReader-stderr] o.s.boot.docker.compose.core.DockerCli   :  c842cf8435b1 Extracting 2B
2026-06-24T00:30:46.280Z  INFO 17845 --- [utReader-stderr] o.s.boot.docker.compose.core.DockerCli   :  c842cf8435b1 Extracting 2B
2026-06-24T00:30:46.405Z  INFO 17845 --- [utReader-stderr] o.s.boot.docker.compose.core.DockerCli   :  c842cf8435b1 Extracting 2B
2026-06-24T00:30:46.478Z  INFO 17845 --- [utReader-stderr] o.s.boot.docker.compose.core.DockerCli   :  c842cf8435b1 Extracting 2B
2026-06-24T00:30:46.620Z  INFO 17845 --- [utReader-stderr] o.s.boot.docker.compose.core.DockerCli   :  c842cf8435b1 Extracting 3B
2026-06-24T00:30:46.686Z  INFO 17845 --- [utReader-stderr] o.s.boot.docker.compose.core.DockerCli   :  c842cf8435b1 Extracting 3B
2026-06-24T00:30:46.792Z  INFO 17845 --- [utReader-stderr] o.s.boot.docker.compose.core.DockerCli   :  c842cf8435b1 Extracting 3B
2026-06-24T00:30:46.887Z  INFO 17845 --- [utReader-stderr] o.s.boot.docker.compose.core.DockerCli   :  c842cf8435b1 Extracting 3B
2026-06-24T00:30:46.983Z  INFO 17845 --- [utReader-stderr] o.s.boot.docker.compose.core.DockerCli   :  c842cf8435b1 Extracting 3B
2026-06-24T00:30:47.083Z  INFO 17845 --- [utReader-stderr] o.s.boot.docker.compose.core.DockerCli   :  c842cf8435b1 Extracting 3B
2026-06-24T00:30:47.196Z  INFO 17845 --- [utReader-stderr] o.s.boot.docker.compose.core.DockerCli   :  c842cf8435b1 Extracting 3B
2026-06-24T00:30:47.279Z  INFO 17845 --- [utReader-stderr] o.s.boot.docker.compose.core.DockerCli   :  c842cf8435b1 Extracting 3B
2026-06-24T00:30:47.380Z  INFO 17845 --- [utReader-stderr] o.s.boot.docker.compose.core.DockerCli   :  c842cf8435b1 Pull complete 0B
2026-06-24T00:30:47.454Z  INFO 17845 --- [utReader-stderr] o.s.boot.docker.compose.core.DockerCli   :  350845c40593 Pull complete 0B
2026-06-24T00:30:47.456Z  INFO 17845 --- [utReader-stderr] o.s.boot.docker.compose.core.DockerCli   :  e28f28da5934 Pull complete 0B
2026-06-24T00:30:47.457Z  INFO 17845 --- [utReader-stderr] o.s.boot.docker.compose.core.DockerCli   :  986a054d28a4 Pull complete 0B
2026-06-24T00:30:47.457Z  INFO 17845 --- [utReader-stderr] o.s.boot.docker.compose.core.DockerCli   :  94a3bfd7d9b8 Pull complete 0B
2026-06-24T00:30:47.458Z  INFO 17845 --- [utReader-stderr] o.s.boot.docker.compose.core.DockerCli   :  Image postgres:18.4 Pulled 
2026-06-24T00:30:47.530Z  INFO 17845 --- [utReader-stderr] o.s.boot.docker.compose.core.DockerCli   :  Network spring-petclinic_default Creating 
2026-06-24T00:30:47.590Z  INFO 17845 --- [utReader-stderr] o.s.boot.docker.compose.core.DockerCli   :  Network spring-petclinic_default Created 
2026-06-24T00:30:47.592Z  INFO 17845 --- [utReader-stderr] o.s.boot.docker.compose.core.DockerCli   :  Container spring-petclinic-postgres-1 Creating 
2026-06-24T00:30:47.863Z  INFO 17845 --- [utReader-stderr] o.s.boot.docker.compose.core.DockerCli   :  Container spring-petclinic-postgres-1 Created 
2026-06-24T00:30:47.875Z  INFO 17845 --- [utReader-stderr] o.s.boot.docker.compose.core.DockerCli   :  Container spring-petclinic-postgres-1 Starting 
2026-06-24T00:30:48.187Z  INFO 17845 --- [utReader-stderr] o.s.boot.docker.compose.core.DockerCli   :  Container spring-petclinic-postgres-1 Started 
2026-06-24T00:30:48.187Z  INFO 17845 --- [utReader-stderr] o.s.boot.docker.compose.core.DockerCli   :  Container spring-petclinic-postgres-1 Waiting 
2026-06-24T00:30:48.690Z  INFO 17845 --- [utReader-stderr] o.s.boot.docker.compose.core.DockerCli   :  Container spring-petclinic-postgres-1 Healthy 
2026-06-24T00:30:50.363Z  INFO 17845 --- [           main] .s.d.r.c.RepositoryConfigurationDelegate : Bootstrapping Spring Data JPA repositories in DEFAULT mode.
2026-06-24T00:30:50.375Z  INFO 17845 --- [           main] .s.d.r.c.RepositoryConfigurationDelegate : Finished Spring Data repository scanning in 8 ms. Found 3 JPA repository interfaces.
2026-06-24T00:30:50.512Z  INFO 17845 --- [           main] o.s.boot.tomcat.TomcatWebServer          : Tomcat initialized with port 0 (http)
2026-06-24T00:30:50.513Z  INFO 17845 --- [           main] o.apache.catalina.core.StandardService   : Starting service [Tomcat]
2026-06-24T00:30:50.513Z  INFO 17845 --- [           main] o.apache.catalina.core.StandardEngine    : Starting Servlet engine: [Apache Tomcat/11.0.22]
2026-06-24T00:30:50.536Z  INFO 17845 --- [           main] b.w.c.s.WebApplicationContextInitializer : Root WebApplicationContext: initialization completed in 397 ms
2026-06-24T00:30:50.630Z  INFO 17845 --- [           main] com.zaxxer.hikari.HikariDataSource       : HikariPool-4 - Starting...
2026-06-24T00:30:50.841Z  INFO 17845 --- [           main] com.zaxxer.hikari.pool.HikariPool        : HikariPool-4 - Added connection org.postgresql.jdbc.PgConnection@512f5e5b
2026-06-24T00:30:50.841Z  INFO 17845 --- [           main] com.zaxxer.hikari.HikariDataSource       : HikariPool-4 - Start completed.
2026-06-24T00:30:50.930Z  INFO 17845 --- [           main] org.hibernate.orm.jpa                    : HHH008540: Processing PersistenceUnitInfo [name: default]
2026-06-24T00:30:50.950Z  INFO 17845 --- [           main] o.s.o.j.p.SpringPersistenceUnitInfo      : No LoadTimeWeaver setup: ignoring JPA class transformer
2026-06-24T00:30:50.983Z  INFO 17845 --- [           main] org.hibernate.orm.connections.pooling    : HHH10001005: Database info:
	Database JDBC URL [jdbc:postgresql://127.0.0.1:5432/petclinic]
	Database driver: PostgreSQL JDBC Driver
	Database dialect: PostgreSQLDialect
	Database version: 18.4
	Default catalog/schema: petclinic/public
	Autocommit mode: undefined/unknown
	Isolation level: READ_COMMITTED [default READ_COMMITTED]
	JDBC fetch size: none
	Pool: DataSourceConnectionProvider
	Minimum pool size: undefined/unknown
	Maximum pool size: undefined/unknown
2026-06-24T00:30:51.290Z  INFO 17845 --- [           main] org.hibernate.orm.core                   : HHH000489: No JTA platform available (set 'hibernate.transaction.jta.platform' to enable JTA platform integration)
2026-06-24T00:30:51.290Z  INFO 17845 --- [           main] j.LocalContainerEntityManagerFactoryBean : Initialized JPA EntityManagerFactory for persistence unit 'default'
2026-06-24T00:30:51.580Z  INFO 17845 --- [           main] o.s.b.a.e.web.EndpointLinksResolver      : Exposing 13 endpoints beneath base path '/actuator'
2026-06-24T00:30:51.603Z  INFO 17845 --- [           main] o.s.boot.tomcat.TomcatWebServer          : Tomcat started on port 34465 (http) with context path '/'
2026-06-24T00:30:51.612Z  INFO 17845 --- [           main] o.s.s.p.PostgresIntegrationTests         : Started PostgresIntegrationTests in 40.136 seconds (process running for 138.79)
]]></system-out>
  </testcase>
  <testcase name="ownerDetails" classname="org.springframework.samples.petclinic.PostgresIntegrationTests" time="0.125">
    <system-out><![CDATA[2026-06-24T00:30:51.682Z  INFO 17845 --- [o-auto-3-exec-1] o.a.c.c.C.[Tomcat-2].[localhost].[/]     : Initializing Spring DispatcherServlet 'dispatcherServlet'
2026-06-24T00:30:51.682Z  INFO 17845 --- [o-auto-3-exec-1] o.s.web.servlet.DispatcherServlet        : Initializing Servlet 'dispatcherServlet'
2026-06-24T00:30:51.685Z  INFO 17845 --- [o-auto-3-exec-1] o.s.web.servlet.DispatcherServlet        : Completed initialization in 3 ms
]]></system-out>
  </testcase>
</testsuite>