<?xml version="1.0" encoding="UTF-8"?>
<testsuite xmlns:xsi="http://www.w3.org/2001/XMLSchema-instance" xsi:noNamespaceSchemaLocation="https://maven.apache.org/surefire/maven-surefire-plugin/xsd/surefire-test-report.xsd" version="3.0.2" name="org.springframework.samples.petclinic.MySqlIntegrationTests" time="74.159" tests="2" errors="0" skipped="0" failures="0" flakes="0">
  <properties>
[...]
</properties>
  <testcase name="findAll" classname="org.springframework.samples.petclinic.MySqlIntegrationTests" time="0.035">
    <system-out><![CDATA[2026-06-24T00:28:48.459Z  INFO 17845 --- [           main] org.testcontainers.DockerClientFactory   : Testcontainers version: 2.0.5
2026-06-24T00:28:49.788Z  INFO 17845 --- [           main] o.t.d.DockerClientProviderStrategy       : Found Docker environment with local Unix socket (unix:///var/run/docker.sock)
2026-06-24T00:28:49.794Z  INFO 17845 --- [           main] org.testcontainers.DockerClientFactory   : Docker host IP address is localhost
2026-06-24T00:28:49.822Z  INFO 17845 --- [           main] org.testcontainers.DockerClientFactory   : Connected to docker: 
  Server Version: 29.6.0
  API Version: 1.55
  Operating System: Ubuntu 22.04.5 LTS
  Total Memory: 3868 MB
2026-06-24T00:28:49.840Z  INFO 17845 --- [           main] org.testcontainers.images.PullPolicy     : Image pull policy will be performed by: DefaultPullPolicy()
2026-06-24T00:28:49.843Z  INFO 17845 --- [           main] o.t.utility.ImageNameSubstitutor         : Image name substitution will be performed by: DefaultImageNameSubstitutor (composite of 'ConfigurationFileImageNameSubstitutor' and 'PrefixingImageNameSubstitutor')
2026-06-24T00:28:50.231Z  INFO 17845 --- [           main] tc.testcontainers/ryuk:0.14.0            : Pulling docker image: testcontainers/ryuk:0.14.0. Please be patient; this may take some time but only needs to be done once.
2026-06-24T00:28:50.273Z  INFO 17845 --- [           main] o.t.utility.RegistryAuthLocator          : Failure when attempting to lookup auth config. Please ignore if you don't have images in an authenticated registry. Details: (dockerImageName: testcontainers/ryuk:latest, configFile: /home/dlmm/.docker/config.json, configEnv: DOCKER_AUTH_CONFIG). Falling back to docker-java default behaviour. Exception message: Status 404: No config supplied. Checked in order: /home/dlmm/.docker/config.json (file not found), DOCKER_AUTH_CONFIG (not set)
2026-06-24T00:28:53.963Z  INFO 17845 --- [tream-347378208] tc.testcontainers/ryuk:0.14.0            : Starting to pull image
2026-06-24T00:28:53.998Z  INFO 17845 --- [tream-347378208] tc.testcontainers/ryuk:0.14.0            : Pulling image layers:  0 pending,  0 downloaded,  0 extracted, (0 bytes/0 bytes)
2026-06-24T00:28:55.763Z  INFO 17845 --- [tream-347378208] tc.testcontainers/ryuk:0.14.0            : Pulling image layers:  1 pending,  1 downloaded,  0 extracted, (0 bytes/? MB)
2026-06-24T00:28:55.766Z  INFO 17845 --- [tream-347378208] tc.testcontainers/ryuk:0.14.0            : Pulling image layers:  1 pending,  1 downloaded,  1 extracted, (0 bytes/? MB)
2026-06-24T00:28:56.058Z  INFO 17845 --- [tream-347378208] tc.testcontainers/ryuk:0.14.0            : Pulling image layers:  0 pending,  2 downloaded,  1 extracted, (0 bytes/0 bytes)
2026-06-24T00:28:56.060Z  INFO 17845 --- [tream-347378208] tc.testcontainers/ryuk:0.14.0            : Pulling image layers:  0 pending,  2 downloaded,  2 extracted, (0 bytes/0 bytes)
2026-06-24T00:28:56.085Z  INFO 17845 --- [tream-347378208] tc.testcontainers/ryuk:0.14.0            : Pull complete. 2 layers, pulled in 2s (downloaded 0 bytes at 0 bytes/s)
2026-06-24T00:28:56.085Z  INFO 17845 --- [           main] tc.testcontainers/ryuk:0.14.0            : Image testcontainers/ryuk:0.14.0 pull took PT5.854108677S
2026-06-24T00:28:56.176Z  INFO 17845 --- [           main] tc.testcontainers/ryuk:0.14.0            : Creating container for image: testcontainers/ryuk:0.14.0
2026-06-24T00:28:56.356Z  INFO 17845 --- [           main] tc.testcontainers/ryuk:0.14.0            : Container testcontainers/ryuk:0.14.0 is starting: 9d34e7220968d3a5419e61c9a889f04e6755e3ac8d4ae3a47939977f5f7476e5
2026-06-24T00:28:57.253Z  INFO 17845 --- [           main] tc.testcontainers/ryuk:0.14.0            : Container testcontainers/ryuk:0.14.0 started in PT1.077568869S
2026-06-24T00:28:57.262Z  INFO 17845 --- [           main] o.t.utility.RyukResourceReaper           : Ryuk started - will monitor and terminate Testcontainers containers on JVM exit
2026-06-24T00:28:57.263Z  INFO 17845 --- [           main] org.testcontainers.DockerClientFactory   : Checking the system...
2026-06-24T00:28:57.264Z  INFO 17845 --- [           main] org.testcontainers.DockerClientFactory   : ✔︎ Docker server version should be at least 1.6.0
2026-06-24T00:28:57.272Z  INFO 17845 --- [           main] t.c.s.AnnotationConfigContextLoaderUtils : Could not detect default configuration classes for test class [org.springframework.samples.petclinic.MySqlIntegrationTests]: MySqlIntegrationTests does not declare any static, non-private, non-final, nested classes annotated with @Configuration.
2026-06-24T00:28:57.294Z  INFO 17845 --- [           main] tc.mysql:9.7                             : Pulling docker image: mysql:9.7. Please be patient; this may take some time but only needs to be done once.
2026-06-24T00:29:00.769Z  INFO 17845 --- [tream-213191291] tc.mysql:9.7                             : Starting to pull image
2026-06-24T00:29:00.771Z  INFO 17845 --- [tream-213191291] tc.mysql:9.7                             : Pulling image layers:  0 pending,  0 downloaded,  0 extracted, (0 bytes/0 bytes)
2026-06-24T00:29:04.318Z  INFO 17845 --- [tream-213191291] tc.mysql:9.7                             : Pulling image layers: 10 pending,  1 downloaded,  0 extracted, (0 bytes/? MB)
2026-06-24T00:29:04.415Z  INFO 17845 --- [tream-213191291] tc.mysql:9.7                             : Pulling image layers:  9 pending,  2 downloaded,  0 extracted, (0 bytes/? MB)
2026-06-24T00:29:04.717Z  INFO 17845 --- [tream-213191291] tc.mysql:9.7                             : Pulling image layers:  9 pending,  3 downloaded,  0 extracted, (3 MB/? MB)
2026-06-24T00:29:04.816Z  INFO 17845 --- [tream-213191291] tc.mysql:9.7                             : Pulling image layers:  8 pending,  4 downloaded,  0 extracted, (4 MB/? MB)
2026-06-24T00:29:04.917Z  INFO 17845 --- [tream-213191291] tc.mysql:9.7                             : Pulling image layers:  7 pending,  5 downloaded,  0 extracted, (4 MB/? MB)
2026-06-24T00:29:05.815Z  INFO 17845 --- [tream-213191291] tc.mysql:9.7                             : Pulling image layers:  6 pending,  6 downloaded,  0 extracted, (8 MB/? MB)
2026-06-24T00:29:06.117Z  INFO 17845 --- [tream-213191291] tc.mysql:9.7                             : Pulling image layers:  5 pending,  7 downloaded,  0 extracted, (11 MB/? MB)
2026-06-24T00:29:08.116Z  INFO 17845 --- [tream-213191291] tc.mysql:9.7                             : Pulling image layers:  4 pending,  8 downloaded,  0 extracted, (24 MB/? MB)
2026-06-24T00:29:10.016Z  INFO 17845 --- [tream-213191291] tc.mysql:9.7                             : Pulling image layers:  3 pending,  9 downloaded,  0 extracted, (34 MB/? MB)
2026-06-24T00:29:28.714Z  INFO 17845 --- [tream-213191291] tc.mysql:9.7                             : Pulling image layers:  2 pending, 10 downloaded,  0 extracted, (167 MB/? MB)
2026-06-24T00:29:32.413Z  INFO 17845 --- [tream-213191291] tc.mysql:9.7                             : Pulling image layers:  1 pending, 11 downloaded,  0 extracted, (190 MB/? MB)
2026-06-24T00:29:33.916Z  INFO 17845 --- [tream-213191291] tc.mysql:9.7                             : Pulling image layers:  1 pending, 11 downloaded,  1 extracted, (200 MB/? MB)
2026-06-24T00:29:33.920Z  INFO 17845 --- [tream-213191291] tc.mysql:9.7                             : Pulling image layers:  1 pending, 11 downloaded,  2 extracted, (200 MB/? MB)
2026-06-24T00:29:33.922Z  INFO 17845 --- [tream-213191291] tc.mysql:9.7                             : Pulling image layers:  1 pending, 11 downloaded,  3 extracted, (200 MB/? MB)
2026-06-24T00:29:34.116Z  INFO 17845 --- [tream-213191291] tc.mysql:9.7                             : Pulling image layers:  1 pending, 11 downloaded,  4 extracted, (201 MB/? MB)
2026-06-24T00:29:34.118Z  INFO 17845 --- [tream-213191291] tc.mysql:9.7                             : Pulling image layers:  1 pending, 11 downloaded,  5 extracted, (201 MB/? MB)
2026-06-24T00:29:34.119Z  INFO 17845 --- [tream-213191291] tc.mysql:9.7                             : Pulling image layers:  1 pending, 11 downloaded,  6 extracted, (201 MB/? MB)
2026-06-24T00:29:35.415Z  INFO 17845 --- [tream-213191291] tc.mysql:9.7                             : Pulling image layers:  1 pending, 11 downloaded,  7 extracted, (211 MB/? MB)
2026-06-24T00:29:35.416Z  INFO 17845 --- [tream-213191291] tc.mysql:9.7                             : Pulling image layers:  1 pending, 11 downloaded,  8 extracted, (211 MB/? MB)
2026-06-24T00:29:44.615Z  INFO 17845 --- [tream-213191291] tc.mysql:9.7                             : Pulling image layers:  0 pending, 12 downloaded,  8 extracted, (269 MB/272 MB)
2026-06-24T00:29:51.708Z  INFO 17845 --- [tream-213191291] tc.mysql:9.7                             : Pulling image layers:  0 pending, 12 downloaded,  9 extracted, (269 MB/272 MB)
2026-06-24T00:29:51.710Z  INFO 17845 --- [tream-213191291] tc.mysql:9.7                             : Pulling image layers:  0 pending, 12 downloaded, 10 extracted, (269 MB/272 MB)
2026-06-24T00:29:51.711Z  INFO 17845 --- [           main] tc.mysql:9.7                             : Image mysql:9.7 pull took PT54.416633445S
2026-06-24T00:29:51.712Z  INFO 17845 --- [tream-213191291] tc.mysql:9.7                             : Pull complete. 12 layers, pulled in 50s (downloaded 269 MB at 5 MB/s)
2026-06-24T00:29:51.774Z  INFO 17845 --- [           main] .b.t.c.SpringBootTestContextBootstrapper : Found @SpringBootConfiguration org.springframework.samples.petclinic.PetClinicApplication for test class org.springframework.samples.petclinic.MySqlIntegrationTests
2026-06-24T00:29:51.775Z  INFO 17845 --- [           main] t.c.s.AnnotationConfigContextLoaderUtils : Could not detect default configuration classes for test class [org.springframework.samples.petclinic.MySqlIntegrationTests]: MySqlIntegrationTests does not declare any static, non-private, non-final, nested classes annotated with @Configuration.
2026-06-24T00:29:51.776Z  INFO 17845 --- [           main] .b.t.c.SpringBootTestContextBootstrapper : Found @SpringBootConfiguration org.springframework.samples.petclinic.PetClinicApplication for test class org.springframework.samples.petclinic.MySqlIntegrationTests
2026-06-24T00:29:51.782Z  INFO 17845 --- [           main] tc.mysql:9.7                             : Creating container for image: mysql:9.7
2026-06-24T00:29:52.073Z  INFO 17845 --- [           main] tc.mysql:9.7                             : Container mysql:9.7 is starting: fe5f7416908e368acec0af89f89421b9251a67bd32eb504c89a2e03e0dc35412
2026-06-24T00:29:52.432Z  INFO 17845 --- [           main] tc.mysql:9.7                             : Waiting for database connection to become available at jdbc:mysql://localhost:32769/test using query 'SELECT 1'
2026-06-24T00:30:00.681Z  INFO 17845 --- [           main] tc.mysql:9.7                             : Container mysql:9.7 started in PT8.898871242S
2026-06-24T00:30:00.682Z  INFO 17845 --- [           main] tc.mysql:9.7                             : Container is started (JDBC URL: jdbc:mysql://localhost:32769/test)
2026-06-24T00:30:00.688Z  INFO 17845 --- [           main] o.s.b.d.r.RestartApplicationListener     : Restart disabled due to context in which it is running


              |\      _,,,--,,_
             /,`.-'`'   ._  \-;;,_
  _______ __|,4-  ) )_   .;.(__`'-'__     ___ __    _ ___ _______
 |       | '---''(_/._)-'(_\_)   |   |   |   |  |  | |   |       |
 |    _  |    ___|_     _|       |   |   |   |   |_| |   |       | __ _ _
 |   |_| |   |___  |   | |       |   |   |   |       |   |       | \ \ \ \
 |    ___|    ___| |   | |      _|   |___|   |  _    |   |      _|  \ \ \ \
 |   |   |   |___  |   | |     |_|       |   | | |   |   |     |_    ) ) ) )
 |___|   |_______| |___| |_______|_______|___|_|  |__|___|_______|  / / / /
 ==================================================================/_/_/_/

:: Built with Spring Boot :: 4.1.0


2026-06-24T00:30:00.736Z  INFO 17845 --- [           main] o.s.s.petclinic.MySqlIntegrationTests    : Starting MySqlIntegrationTests using Java 17.0.19 with PID 17845 (started by dlmm in /home/dlmm/spring-petclinic)
2026-06-24T00:30:00.736Z  INFO 17845 --- [           main] o.s.s.petclinic.MySqlIntegrationTests    : The following 1 profile is active: "mysql"
2026-06-24T00:30:01.046Z  INFO 17845 --- [           main] .s.d.r.c.RepositoryConfigurationDelegate : Bootstrapping Spring Data JPA repositories in DEFAULT mode.
2026-06-24T00:30:01.065Z  INFO 17845 --- [           main] .s.d.r.c.RepositoryConfigurationDelegate : Finished Spring Data repository scanning in 13 ms. Found 3 JPA repository interfaces.
2026-06-24T00:30:01.213Z  INFO 17845 --- [           main] o.s.boot.tomcat.TomcatWebServer          : Tomcat initialized with port 0 (http)
2026-06-24T00:30:01.214Z  INFO 17845 --- [           main] o.apache.catalina.core.StandardService   : Starting service [Tomcat]
2026-06-24T00:30:01.214Z  INFO 17845 --- [           main] o.apache.catalina.core.StandardEngine    : Starting Servlet engine: [Apache Tomcat/11.0.22]
2026-06-24T00:30:01.249Z  INFO 17845 --- [           main] b.w.c.s.WebApplicationContextInitializer : Root WebApplicationContext: initialization completed in 507 ms
2026-06-24T00:30:01.336Z  INFO 17845 --- [           main] com.zaxxer.hikari.HikariDataSource       : HikariPool-3 - Starting...
2026-06-24T00:30:01.500Z  INFO 17845 --- [           main] com.zaxxer.hikari.pool.HikariPool        : HikariPool-3 - Added connection com.mysql.cj.jdbc.ConnectionImpl@34942623
2026-06-24T00:30:01.501Z  INFO 17845 --- [           main] com.zaxxer.hikari.HikariDataSource       : HikariPool-3 - Start completed.
2026-06-24T00:30:01.804Z  INFO 17845 --- [           main] org.hibernate.orm.jpa                    : HHH008540: Processing PersistenceUnitInfo [name: default]
2026-06-24T00:30:01.830Z  INFO 17845 --- [           main] o.s.o.j.p.SpringPersistenceUnitInfo      : No LoadTimeWeaver setup: ignoring JPA class transformer
2026-06-24T00:30:01.860Z  INFO 17845 --- [           main] org.hibernate.orm.connections.pooling    : HHH10001005: Database info:
	Database JDBC URL [jdbc:mysql://localhost:32769/test]
	Database driver: MySQL Connector/J
	Database dialect: MySQLDialect
	Database version: 9.7.1
	Default catalog/schema: test/undefined
	Autocommit mode: undefined/unknown
	Isolation level: REPEATABLE_READ [default REPEATABLE_READ]
	JDBC fetch size: none
	Pool: DataSourceConnectionProvider
	Minimum pool size: undefined/unknown
	Maximum pool size: undefined/unknown
2026-06-24T00:30:02.061Z  INFO 17845 --- [           main] org.hibernate.orm.core                   : HHH000489: No JTA platform available (set 'hibernate.transaction.jta.platform' to enable JTA platform integration)
2026-06-24T00:30:02.062Z  INFO 17845 --- [           main] j.LocalContainerEntityManagerFactoryBean : Initialized JPA EntityManagerFactory for persistence unit 'default'
2026-06-24T00:30:02.073Z  INFO 17845 --- [           main] tc.mysql:9.7                             : Creating container for image: mysql:9.7
2026-06-24T00:30:02.163Z  INFO 17845 --- [           main] tc.mysql:9.7                             : Container mysql:9.7 is starting: 7c707fcf5b9a29f0f764d7504ea87c62eec088956ff35c6a7ac10e7af33a1c9c
2026-06-24T00:30:02.513Z  INFO 17845 --- [           main] tc.mysql:9.7                             : Waiting for database connection to become available at jdbc:mysql://localhost:32770/test using query 'SELECT 1'
2026-06-24T00:30:10.641Z  INFO 17845 --- [           main] tc.mysql:9.7                             : Container mysql:9.7 started in PT8.56840556S
2026-06-24T00:30:10.641Z  INFO 17845 --- [           main] tc.mysql:9.7                             : Container is started (JDBC URL: jdbc:mysql://localhost:32770/test)
2026-06-24T00:30:10.933Z  INFO 17845 --- [           main] o.s.b.a.e.web.EndpointLinksResolver      : Exposing 13 endpoints beneath base path '/actuator'
2026-06-24T00:30:10.960Z  INFO 17845 --- [           main] o.s.boot.tomcat.TomcatWebServer          : Tomcat started on port 43505 (http) with context path '/'
2026-06-24T00:30:10.964Z  INFO 17845 --- [           main] o.s.s.petclinic.MySqlIntegrationTests    : Started MySqlIntegrationTests in 10.276 seconds (process running for 98.143)
]]></system-out>
  </testcase>
  <testcase name="ownerDetails" classname="org.springframework.samples.petclinic.MySqlIntegrationTests" time="0.111">
    <system-out><![CDATA[2026-06-24T00:30:11.015Z  INFO 17845 --- [o-auto-2-exec-1] o.a.c.c.C.[Tomcat-1].[localhost].[/]     : Initializing Spring DispatcherServlet 'dispatcherServlet'
2026-06-24T00:30:11.015Z  INFO 17845 --- [o-auto-2-exec-1] o.s.web.servlet.DispatcherServlet        : Initializing Servlet 'dispatcherServlet'
2026-06-24T00:30:11.017Z  INFO 17845 --- [o-auto-2-exec-1] o.s.web.servlet.DispatcherServlet        : Completed initialization in 2 ms
]]></system-out>
  </testcase>
</testsuite>